Determining if the include file pthread.h exists failed with the following output:
Change Dir: C:/Development/op3d_active/curl-7.70.0/msvc/CMakeFiles/CMakeTmp

Run Build Command(s):C:/Program Files (x86)/Microsoft Visual Studio/2017/Enterprise/MSBuild/15.0/Bin/MSBuild.exe cmTC_5fdd1.vcxproj /p:Configuration=Debug /p:Platform=Win32 /p:VisualStudioVersion=15.0 /v:m 
Microsoft (R) Build Engine version 15.9.21+g9802d43bc3 for .NET Framework
Copyright (C) Microsoft Corporation. All rights reserved.

  Microsoft (R) C/C++ Optimizing Compiler Version 19.16.27038 for x86
  Copyright (C) Microsoft Corporation.  All rights reserved.
  
  cl /c /I"C:\Program Files (x86)\Visual Leak Detector\include" /Zi /W3 /WX- /diagnostics:classic /Od /Ob0 /Oy- /D WIN32 /D _WINDOWS /D _WINSOCKAPI_= /D "CMAKE_INTDIR=\"Debug\"" /D _MBCS /Gm- /RTC1 /MDd /GS /fp:precise /Zc:wchar_t /Zc:forScope /Zc:inline /Fo"cmTC_5fdd1.dir\Debug\\" /Fd"cmTC_5fdd1.dir\Debug\vc141.pdb" /Gd /TC /analyze- /errorReport:queue "C:\Development\op3d_active\curl-7.70.0\msvc\CMakeFiles\CMakeTmp\CheckIncludeFile.c"
  CheckIncludeFile.c
  
C:\Development\op3d_active\curl-7.70.0\msvc\CMakeFiles\CMakeTmp\CheckIncludeFile.c(1): fatal error C1083: Cannot open include file: 'pthread.h': No such file or directory [C:\Development\op3d_active\curl-7.70.0\msvc\CMakeFiles\CMakeTmp\cmTC_5fdd1.vcxproj]


Determining if files ;winldap.h exist failed with the following output:
Change Dir: C:/Development/op3d_active/curl-7.70.0/msvc/CMakeFiles/CMakeTmp

Run Build Command(s):C:/Program Files (x86)/Microsoft Visual Studio/2017/Enterprise/MSBuild/15.0/Bin/MSBuild.exe cmTC_fcfc9.vcxproj /p:Configuration=Debug /p:Platform=Win32 /p:VisualStudioVersion=15.0 /v:m 
Microsoft (R) Build Engine version 15.9.21+g9802d43bc3 for .NET Framework
Copyright (C) Microsoft Corporation. All rights reserved.

  Microsoft (R) C/C++ Optimizing Compiler Version 19.16.27038 for x86
  Copyright (C) Microsoft Corporation.  All rights reserved.
  
  cl /c /I"C:\Program Files (x86)\Visual Leak Detector\include" /Zi /W3 /WX- /diagnostics:classic /Od /Ob0 /Oy- /D WIN32 /D _WINDOWS /D _WINSOCKAPI_= /D "CMAKE_INTDIR=\"Debug\"" /D _MBCS /Gm- /RTC1 /MDd /GS /fp:precise /Zc:wchar_t /Zc:forScope /Zc:inline /Fo"cmTC_fcfc9.dir\Debug\\" /Fd"cmTC_fcfc9.dir\Debug\vc141.pdb" /Gd /TC /analyze- /errorReport:queue "C:\Development\op3d_active\curl-7.70.0\msvc\CMakeFiles\CheckIncludeFiles\HAVE_WINLDAP_H.c"
  HAVE_WINLDAP_H.c
  
C:\Program Files (x86)\Windows Kits\10\Include\10.0.17763.0\um\winnt.h(154): fatal error C1189: #error:  "No Target Architecture" [C:\Development\op3d_active\curl-7.70.0\msvc\CMakeFiles\CMakeTmp\cmTC_fcfc9.vcxproj]

Source:
/* */
#include <winldap.h>


int main(void){return 0;}

Determining if files ;winber.h exist failed with the following output:
Change Dir: C:/Development/op3d_active/curl-7.70.0/msvc/CMakeFiles/CMakeTmp

Run Build Command(s):C:/Program Files (x86)/Microsoft Visual Studio/2017/Enterprise/MSBuild/15.0/Bin/MSBuild.exe cmTC_ed35a.vcxproj /p:Configuration=Debug /p:Platform=Win32 /p:VisualStudioVersion=15.0 /v:m 
Microsoft (R) Build Engine version 15.9.21+g9802d43bc3 for .NET Framework
Copyright (C) Microsoft Corporation. All rights reserved.

  Microsoft (R) C/C++ Optimizing Compiler Version 19.16.27038 for x86
  Copyright (C) Microsoft Corporation.  All rights reserved.
  
  cl /c /I"C:\Program Files (x86)\Visual Leak Detector\include" /Zi /W3 /WX- /diagnostics:classic /Od /Ob0 /Oy- /D WIN32 /D _WINDOWS /D _WINSOCKAPI_= /D "CMAKE_INTDIR=\"Debug\"" /D _MBCS /Gm- /RTC1 /MDd /GS /fp:precise /Zc:wchar_t /Zc:forScope /Zc:inline /Fo"cmTC_ed35a.dir\Debug\\" /Fd"cmTC_ed35a.dir\Debug\vc141.pdb" /Gd /TC /analyze- /errorReport:queue "C:\Development\op3d_active\curl-7.70.0\msvc\CMakeFiles\CheckIncludeFiles\HAVE_WINBER_H.c"
  HAVE_WINBER_H.c
  
C:\Program Files (x86)\Windows Kits\10\Include\10.0.17763.0\um\winber.h(67): error C2061: syntax error: identifier 'BerElement' [C:\Development\op3d_active\curl-7.70.0\msvc\CMakeFiles\CMakeTmp\cmTC_ed35a.vcxproj]
C:\Program Files (x86)\Windows Kits\10\Include\10.0.17763.0\um\winber.h(67): error C2059: syntax error: ';' [C:\Development\op3d_active\curl-7.70.0\msvc\CMakeFiles\CMakeTmp\cmTC_ed35a.vcxproj]
C:\Program Files (x86)\Windows Kits\10\Include\10.0.17763.0\um\winber.h(67): error C2143: syntax error: missing ')' before '*' [C:\Development\op3d_active\curl-7.70.0\msvc\CMakeFiles\CMakeTmp\cmTC_ed35a.vcxproj]
C:\Program Files (x86)\Windows Kits\10\Include\10.0.17763.0\um\winber.h(67): error C2143: syntax error: missing '{' before '*' [C:\Development\op3d_active\curl-7.70.0\msvc\CMakeFiles\CMakeTmp\cmTC_ed35a.vcxproj]
C:\Program Files (x86)\Windows Kits\10\Include\10.0.17763.0\um\winber.h(67): error C2059: syntax error: ')' [C:\Development\op3d_active\curl-7.70.0\msvc\CMakeFiles\CMakeTmp\cmTC_ed35a.vcxproj]
C:\Program Files (x86)\Windows Kits\10\Include\10.0.17763.0\um\winber.h(76): error C2061: syntax error: identifier 'VOID' [C:\Development\op3d_active\curl-7.70.0\msvc\CMakeFiles\CMakeTmp\cmTC_ed35a.vcxproj]
C:\Program Files (x86)\Windows Kits\10\Include\10.0.17763.0\um\winber.h(76): error C2059: syntax error: ';' [C:\Development\op3d_active\curl-7.70.0\msvc\CMakeFiles\CMakeTmp\cmTC_ed35a.vcxproj]
C:\Program Files (x86)\Windows Kits\10\Include\10.0.17763.0\um\winber.h(76): error C2143: syntax error: missing ')' before '*' [C:\Development\op3d_active\curl-7.70.0\msvc\CMakeFiles\CMakeTmp\cmTC_ed35a.vcxproj]
C:\Program Files (x86)\Windows Kits\10\Include\10.0.17763.0\um\winber.h(76): error C2143: syntax error: missing '{' before '*' [C:\Development\op3d_active\curl-7.70.0\msvc\CMakeFiles\CMakeTmp\cmTC_ed35a.vcxproj]
C:\Program Files (x86)\Windows Kits\10\Include\10.0.17763.0\um\winber.h(76): error C2146: syntax error: missing ';' before identifier 'fbuf' [C:\Development\op3d_active\curl-7.70.0\msvc\CMakeFiles\CMakeTmp\cmTC_ed35a.vcxproj]
C:\Program Files (x86)\Windows Kits\10\Include\10.0.17763.0\um\winber.h(76): error C2059: syntax error: ')' [C:\Development\op3d_active\curl-7.70.0\msvc\CMakeFiles\CMakeTmp\cmTC_ed35a.vcxproj]
C:\Program Files (x86)\Windows Kits\10\Include\10.0.17763.0\um\winber.h(84): error C2061: syntax error: identifier 'VOID' [C:\Development\op3d_active\curl-7.70.0\msvc\CMakeFiles\CMakeTmp\cmTC_ed35a.vcxproj]
C:\Program Files (x86)\Windows Kits\10\Include\10.0.17763.0\um\winber.h(84): error C2059: syntax error: ';' [C:\Development\op3d_active\curl-7.70.0\msvc\CMakeFiles\CMakeTmp\cmTC_ed35a.vcxproj]
C:\Program Files (x86)\Windows Kits\10\Include\10.0.17763.0\um\winber.h(84): error C2143: syntax error: missing ')' before '*' [C:\Development\op3d_active\curl-7.70.0\msvc\CMakeFiles\CMakeTmp\cmTC_ed35a.vcxproj]
C:\Program Files (x86)\Windows Kits\10\Include\10.0.17763.0\um\winber.h(84): error C2143: syntax error: missing '{' before '*' [C:\Development\op3d_active\curl-7.70.0\msvc\CMakeFiles\CMakeTmp\cmTC_ed35a.vcxproj]
C:\Program Files (x86)\Windows Kits\10\Include\10.0.17763.0\um\winber.h(84): error C2059: syntax error: ')' [C:\Development\op3d_active\curl-7.70.0\msvc\CMakeFiles\CMakeTmp\cmTC_ed35a.vcxproj]
C:\Program Files (x86)\Windows Kits\10\Include\10.0.17763.0\um\winber.h(91): error C2061: syntax error: identifier 'VOID' [C:\Development\op3d_active\curl-7.70.0\msvc\CMakeFiles\CMakeTmp\cmTC_ed35a.vcxproj]
C:\Program Files (x86)\Windows Kits\10\Include\10.0.17763.0\um\winber.h(91): error C2059: syntax error: ';' [C:\Development\op3d_active\curl-7.70.0\msvc\CMakeFiles\CMakeTmp\cmTC_ed35a.vcxproj]
C:\Program Files (x86)\Windows Kits\10\Include\10.0.17763.0\um\winber.h(91): error C2143: syntax error: missing ')' before '*' [C:\Development\op3d_active\curl-7.70.0\msvc\CMakeFiles\CMakeTmp\cmTC_ed35a.vcxproj]
C:\Program Files (x86)\Windows Kits\10\Include\10.0.17763.0\um\winber.h(91): error C2143: syntax error: missing '{' before '*' [C:\Development\op3d_active\curl-7.70.0\msvc\CMakeFiles\CMakeTmp\cmTC_ed35a.vcxproj]
C:\Program Files (x86)\Windows Kits\10\Include\10.0.17763.0\um\winber.h(91): error C2059: syntax error: ')' [C:\Development\op3d_active\curl-7.70.0\msvc\CMakeFiles\CMakeTmp\cmTC_ed35a.vcxproj]
C:\Program Files (x86)\Windows Kits\10\Include\10.0.17763.0\um\winber.h(97): error C2061: syntax error: identifier 'BERVAL' [C:\Development\op3d_active\curl-7.70.0\msvc\CMakeFiles\CMakeTmp\cmTC_ed35a.vcxproj]
C:\Program Files (x86)\Windows Kits\10\Include\10.0.17763.0\um\winber.h(97): error C2059: syntax error: ';' [C:\Development\op3d_active\curl-7.70.0\msvc\CMakeFiles\CMakeTmp\cmTC_ed35a.vcxproj]
C:\Program Files (x86)\Windows Kits\10\Include\10.0.17763.0\um\winber.h(97): error C2143: syntax error: missing ')' before '*' [C:\Development\op3d_active\curl-7.70.0\msvc\CMakeFiles\CMakeTmp\cmTC_ed35a.vcxproj]
C:\Program Files (x86)\Windows Kits\10\Include\10.0.17763.0\um\winber.h(97): error C2143: syntax error: missing '{' before '*' [C:\Development\op3d_active\curl-7.70.0\msvc\CMakeFiles\CMakeTmp\cmTC_ed35a.vcxproj]
C:\Program Files (x86)\Windows Kits\10\Include\10.0.17763.0\um\winber.h(97): error C2059: syntax error: ')' [C:\Development\op3d_active\curl-7.70.0\msvc\CMakeFiles\CMakeTmp\cmTC_ed35a.vcxproj]
C:\Program Files (x86)\Windows Kits\10\Include\10.0.17763.0\um\winber.h(108): error C2061: syntax error: identifier 'BerElement' [C:\Development\op3d_active\curl-7.70.0\msvc\CMakeFiles\CMakeTmp\cmTC_ed35a.vcxproj]
C:\Program Files (x86)\Windows Kits\10\Include\10.0.17763.0\um\winber.h(108): error C2059: syntax error: ';' [C:\Development\op3d_active\curl-7.70.0\msvc\CMakeFiles\CMakeTmp\cmTC_ed35a.vcxproj]
C:\Program Files (x86)\Windows Kits\10\Include\10.0.17763.0\um\winber.h(108): error C2146: syntax error: missing ')' before identifier 'options' [C:\Development\op3d_active\curl-7.70.0\msvc\CMakeFiles\CMakeTmp\cmTC_ed35a.vcxproj]
C:\Program Files (x86)\Windows Kits\10\Include\10.0.17763.0\um\winber.h(108): error C2061: syntax error: identifier 'options' [C:\Development\op3d_active\curl-7.70.0\msvc\CMakeFiles\CMakeTmp\cmTC_ed35a.vcxproj]
C:\Program Files (x86)\Windows Kits\10\Include\10.0.17763.0\um\winber.h(108): error C2059: syntax error: ')' [C:\Development\op3d_active\curl-7.70.0\msvc\CMakeFiles\CMakeTmp\cmTC_ed35a.vcxproj]
C:\Program Files (x86)\Windows Kits\10\Include\10.0.17763.0\um\winber.h(124): error C2061: syntax error: identifier 'ULONG' [C:\Development\op3d_active\curl-7.70.0\msvc\CMakeFiles\CMakeTmp\cmTC_ed35a.vcxproj]
C:\Program Files (x86)\Windows Kits\10\Include\10.0.17763.0\um\winber.h(124): error C2059: syntax error: ';' [C:\Development\op3d_active\curl-7.70.0\msvc\CMakeFiles\CMakeTmp\cmTC_ed35a.vcxproj]
C:\Program Files (x86)\Windows Kits\10\Include\10.0.17763.0\um\winber.h(124): error C2143: syntax error: missing ')' before '*' [C:\Development\op3d_active\curl-7.70.0\msvc\CMakeFiles\CMakeTmp\cmTC_ed35a.vcxproj]
C:\Program Files (x86)\Windows Kits\10\Include\10.0.17763.0\um\winber.h(124): error C2143: syntax error: missing '{' before '*' [C:\Development\op3d_active\curl-7.70.0\msvc\CMakeFiles\CMakeTmp\cmTC_ed35a.vcxproj]
C:\Program Files (x86)\Windows Kits\10\Include\10.0.17763.0\um\winber.h(124): error C2143: syntax error: missing ';' before '*' [C:\Development\op3d_active\curl-7.70.0\msvc\CMakeFiles\CMakeTmp\cmTC_ed35a.vcxproj]
C:\Program Files (x86)\Windows Kits\10\Include\10.0.17763.0\um\winber.h(124): error C2059: syntax error: ')' [C:\Development\op3d_active\curl-7.70.0\msvc\CMakeFiles\CMakeTmp\cmTC_ed35a.vcxproj]
C:\Program Files (x86)\Windows Kits\10\Include\10.0.17763.0\um\winber.h(135): error C2061: syntax error: identifier 'ULONG' [C:\Development\op3d_active\curl-7.70.0\msvc\CMakeFiles\CMakeTmp\cmTC_ed35a.vcxproj]
C:\Program Files (x86)\Windows Kits\10\Include\10.0.17763.0\um\winber.h(135): error C2059: syntax error: ';' [C:\Development\op3d_active\curl-7.70.0\msvc\CMakeFiles\CMakeTmp\cmTC_ed35a.vcxproj]
C:\Program Files (x86)\Windows Kits\10\Include\10.0.17763.0\um\winber.h(135): error C2143: syntax error: missing ')' before '*' [C:\Development\op3d_active\curl-7.70.0\msvc\CMakeFiles\CMakeTmp\cmTC_ed35a.vcxproj]
C:\Program Files (x86)\Windows Kits\10\Include\10.0.17763.0\um\winber.h(135): error C2143: syntax error: missing '{' before '*' [C:\Development\op3d_active\curl-7.70.0\msvc\CMakeFiles\CMakeTmp\cmTC_ed35a.vcxproj]
C:\Program Files (x86)\Windows Kits\10\Include\10.0.17763.0\um\winber.h(135): error C2143: syntax error: missing ';' before '*' [C:\Development\op3d_active\curl-7.70.0\msvc\CMakeFiles\CMakeTmp\cmTC_ed35a.vcxproj]
C:\Program Files (x86)\Windows Kits\10\Include\10.0.17763.0\um\winber.h(135): error C2059: syntax error: ')' [C:\Development\op3d_active\curl-7.70.0\msvc\CMakeFiles\CMakeTmp\cmTC_ed35a.vcxproj]
C:\Program Files (x86)\Windows Kits\10\Include\10.0.17763.0\um\winber.h(146): error C2061: syntax error: identifier 'ULONG' [C:\Development\op3d_active\curl-7.70.0\msvc\CMakeFiles\CMakeTmp\cmTC_ed35a.vcxproj]
C:\Program Files (x86)\Windows Kits\10\Include\10.0.17763.0\um\winber.h(146): error C2059: syntax error: ';' [C:\Development\op3d_active\curl-7.70.0\msvc\CMakeFiles\CMakeTmp\cmTC_ed35a.vcxproj]
C:\Program Files (x86)\Windows Kits\10\Include\10.0.17763.0\um\winber.h(146): error C2143: syntax error: missing ')' before '*' [C:\Development\op3d_active\curl-7.70.0\msvc\CMakeFiles\CMakeTmp\cmTC_ed35a.vcxproj]
C:\Program Files (x86)\Windows Kits\10\Include\10.0.17763.0\um\winber.h(146): error C2143: syntax error: missing '{' before '*' [C:\Development\op3d_active\curl-7.70.0\msvc\CMakeFiles\CMakeTmp\cmTC_ed35a.vcxproj]
C:\Program Files (x86)\Windows Kits\10\Include\10.0.17763.0\um\winber.h(146): error C2143: syntax error: missing ';' before '*' [C:\Development\op3d_active\curl-7.70.0\msvc\CMakeFiles\CMakeTmp\cmTC_ed35a.vcxproj]
C:\Program Files (x86)\Windows Kits\10\Include\10.0.17763.0\um\winber.h(146): error C2146: syntax error: missing ';' before identifier 'CHAR' [C:\Development\op3d_active\curl-7.70.0\msvc\CMakeFiles\CMakeTmp\cmTC_ed35a.vcxproj]
C:\Program Files (x86)\Windows Kits\10\Include\10.0.17763.0\um\winber.h(146): error C2059: syntax error: ')' [C:\Development\op3d_active\curl-7.70.0\msvc\CMakeFiles\CMakeTmp\cmTC_ed35a.vcxproj]
C:\Program Files (x86)\Windows Kits\10\Include\10.0.17763.0\um\winber.h(156): error C2061: syntax error: identifier 'ULONG' [C:\Development\op3d_active\curl-7.70.0\msvc\CMakeFiles\CMakeTmp\cmTC_ed35a.vcxproj]
C:\Program Files (x86)\Windows Kits\10\Include\10.0.17763.0\um\winber.h(156): error C2059: syntax error: ';' [C:\Development\op3d_active\curl-7.70.0\msvc\CMakeFiles\CMakeTmp\cmTC_ed35a.vcxproj]
C:\Program Files (x86)\Windows Kits\10\Include\10.0.17763.0\um\winber.h(156): error C2143: syntax error: missing ')' before '*' [C:\Development\op3d_active\curl-7.70.0\msvc\CMakeFiles\CMakeTmp\cmTC_ed35a.vcxproj]
C:\Program Files (x86)\Windows Kits\10\Include\10.0.17763.0\um\winber.h(156): error C2143: syntax error: missing '{' before '*' [C:\Development\op3d_active\curl-7.70.0\msvc\CMakeFiles\CMakeTmp\cmTC_ed35a.vcxproj]
C:\Program Files (x86)\Windows Kits\10\Include\10.0.17763.0\um\winber.h(156): error C2143: syntax error: missing ';' before '*' [C:\Development\op3d_active\curl-7.70.0\msvc\CMakeFiles\CMakeTmp\cmTC_ed35a.vcxproj]
C:\Program Files (x86)\Windows Kits\10\Include\10.0.17763.0\um\winber.h(156): error C2146: syntax error: missing ';' before identifier 'CHAR' [C:\Development\op3d_active\curl-7.70.0\msvc\CMakeFiles\CMakeTmp\cmTC_ed35a.vcxproj]
C:\Program Files (x86)\Windows Kits\10\Include\10.0.17763.0\um\winber.h(156): error C2059: syntax error: ')' [C:\Development\op3d_active\curl-7.70.0\msvc\CMakeFiles\CMakeTmp\cmTC_ed35a.vcxproj]
C:\Program Files (x86)\Windows Kits\10\Include\10.0.17763.0\um\winber.h(165): error C2061: syntax error: identifier 'INT' [C:\Development\op3d_active\curl-7.70.0\msvc\CMakeFiles\CMakeTmp\cmTC_ed35a.vcxproj]
C:\Program Files (x86)\Windows Kits\10\Include\10.0.17763.0\um\winber.h(165): error C2059: syntax error: ';' [C:\Development\op3d_active\curl-7.70.0\msvc\CMakeFiles\CMakeTmp\cmTC_ed35a.vcxproj]
C:\Program Files (x86)\Windows Kits\10\Include\10.0.17763.0\um\winber.h(165): error C2143: syntax error: missing ')' before '*' [C:\Development\op3d_active\curl-7.70.0\msvc\CMakeFiles\CMakeTmp\cmTC_ed35a.vcxproj]
C:\Program Files (x86)\Windows Kits\10\Include\10.0.17763.0\um\winber.h(165): error C2143: syntax error: missing '{' before '*' [C:\Development\op3d_active\curl-7.70.0\msvc\CMakeFiles\CMakeTmp\cmTC_ed35a.vcxproj]
C:\Program Files (x86)\Windows Kits\10\Include\10.0.17763.0\um\winber.h(165): error C2143: syntax error: missing ';' before '*' [C:\Development\op3d_active\curl-7.70.0\msvc\CMakeFiles\CMakeTmp\cmTC_ed35a.vcxproj]
C:\Program Files (x86)\Windows Kits\10\Include\10.0.17763.0\um\winber.h(165): error C2059: syntax error: ')' [C:\Development\op3d_active\curl-7.70.0\msvc\CMakeFiles\CMakeTmp\cmTC_ed35a.vcxproj]
C:\Program Files (x86)\Windows Kits\10\Include\10.0.17763.0\um\winber.h(248): error C2061: syntax error: identifier 'INT' [C:\Development\op3d_active\curl-7.70.0\msvc\CMakeFiles\CMakeTmp\cmTC_ed35a.vcxproj]
C:\Program Files (x86)\Windows Kits\10\Include\10.0.17763.0\um\winber.h(248): error C2059: syntax error: ';' [C:\Development\op3d_active\curl-7.70.0\msvc\CMakeFiles\CMakeTmp\cmTC_ed35a.vcxproj]
C:\Program Files (x86)\Windows Kits\10\Include\10.0.17763.0\um\winber.h(248): error C2143: syntax error: missing ')' before '*' [C:\Development\op3d_active\curl-7.70.0\msvc\CMakeFiles\CMakeTmp\cmTC_ed35a.vcxproj]
C:\Program Files (x86)\Windows Kits\10\Include\10.0.17763.0\um\winber.h(248): error C2143: syntax error: missing '{' before '*' [C:\Development\op3d_active\curl-7.70.0\msvc\CMakeFiles\CMakeTmp\cmTC_ed35a.vcxproj]
C:\Program Files (x86)\Windows Kits\10\Include\10.0.17763.0\um\winber.h(248): error C2146: syntax error: missing ';' before identifier 'PSTR' [C:\Development\op3d_active\curl-7.70.0\msvc\CMakeFiles\CMakeTmp\cmTC_ed35a.vcxproj]
C:\Program Files (x86)\Windows Kits\10\Include\10.0.17763.0\um\winber.h(248): error C2061: syntax error: identifier 'fmt' [C:\Development\op3d_active\curl-7.70.0\msvc\CMakeFiles\CMakeTmp\cmTC_ed35a.vcxproj]
C:\Program Files (x86)\Windows Kits\10\Include\10.0.17763.0\um\winber.h(248): error C2059: syntax error: ',' [C:\Development\op3d_active\curl-7.70.0\msvc\CMakeFiles\CMakeTmp\cmTC_ed35a.vcxproj]
C:\Program Files (x86)\Windows Kits\10\Include\10.0.17763.0\um\winber.h(248): error C2059: syntax error: ')' [C:\Development\op3d_active\curl-7.70.0\msvc\CMakeFiles\CMakeTmp\cmTC_ed35a.vcxproj]
C:\Program Files (x86)\Windows Kits\10\Include\10.0.17763.0\um\winber.h(340): error C2061: syntax error: identifier 'ULONG' [C:\Development\op3d_active\curl-7.70.0\msvc\CMakeFiles\CMakeTmp\cmTC_ed35a.vcxproj]
C:\Program Files (x86)\Windows Kits\10\Include\10.0.17763.0\um\winber.h(340): error C2059: syntax error: ';' [C:\Development\op3d_active\curl-7.70.0\msvc\CMakeFiles\CMakeTmp\cmTC_ed35a.vcxproj]
C:\Program Files (x86)\Windows Kits\10\Include\10.0.17763.0\um\winber.h(340): error C2143: syntax error: missing ')' before '*' [C:\Development\op3d_active\curl-7.70.0\msvc\CMakeFiles\CMakeTmp\cmTC_ed35a.vcxproj]
C:\Program Files (x86)\Windows Kits\10\Include\10.0.17763.0\um\winber.h(340): error C2143: syntax error: missing '{' before '*' [C:\Development\op3d_active\curl-7.70.0\msvc\CMakeFiles\CMakeTmp\cmTC_ed35a.vcxproj]
C:\Program Files (x86)\Windows Kits\10\Include\10.0.17763.0\um\winber.h(340): error C2146: syntax error: missing ';' before identifier 'PSTR' [C:\Development\op3d_active\curl-7.70.0\msvc\CMakeFiles\CMakeTmp\cmTC_ed35a.vcxproj]
C:\Program Files (x86)\Windows Kits\10\Include\10.0.17763.0\um\winber.h(340): error C2061: syntax error: identifier 'fmt' [C:\Development\op3d_active\curl-7.70.0\msvc\CMakeFiles\CMakeTmp\cmTC_ed35a.vcxproj]
C:\Program Files (x86)\Windows Kits\10\Include\10.0.17763.0\um\winber.h(340): error C2059: syntax error: ',' [C:\Development\op3d_active\curl-7.70.0\msvc\CMakeFiles\CMakeTmp\cmTC_ed35a.vcxproj]
C:\Program Files (x86)\Windows Kits\10\Include\10.0.17763.0\um\winber.h(340): error C2059: syntax error: ')' [C:\Development\op3d_active\curl-7.70.0\msvc\CMakeFiles\CMakeTmp\cmTC_ed35a.vcxproj]

Source:
/* */
#include <winber.h>


int main(void){return 0;}

Determining if files ;ldap_ssl.h exist failed with the following output:
Change Dir: C:/Development/op3d_active/curl-7.70.0/msvc/CMakeFiles/CMakeTmp

Run Build Command(s):C:/Program Files (x86)/Microsoft Visual Studio/2017/Enterprise/MSBuild/15.0/Bin/MSBuild.exe cmTC_4ed08.vcxproj /p:Configuration=Debug /p:Platform=Win32 /p:VisualStudioVersion=15.0 /v:m 
Microsoft (R) Build Engine version 15.9.21+g9802d43bc3 for .NET Framework
Copyright (C) Microsoft Corporation. All rights reserved.

  Microsoft (R) C/C++ Optimizing Compiler Version 19.16.27038 for x86
  Copyright (C) Microsoft Corporation.  All rights reserved.
  
  cl /c /I"C:\Program Files (x86)\Visual Leak Detector\include" /Zi /W3 /WX- /diagnostics:classic /Od /Ob0 /Oy- /D WIN32 /D _WINDOWS /D _WINSOCKAPI_= /D "CMAKE_INTDIR=\"Debug\"" /D _MBCS /Gm- /RTC1 /MDd /GS /fp:precise /Zc:wchar_t /Zc:forScope /Zc:inline /Fo"cmTC_4ed08.dir\Debug\\" /Fd"cmTC_4ed08.dir\Debug\vc141.pdb" /Gd /TC /analyze- /errorReport:queue "C:\Development\op3d_active\curl-7.70.0\msvc\CMakeFiles\CheckIncludeFiles\HAVE_LDAP_SSL_H.c"
  HAVE_LDAP_SSL_H.c
  
C:\Development\op3d_active\curl-7.70.0\msvc\CMakeFiles\CheckIncludeFiles\HAVE_LDAP_SSL_H.c(2): fatal error C1083: Cannot open include file: 'ldap_ssl.h': No such file or directory [C:\Development\op3d_active\curl-7.70.0\msvc\CMakeFiles\CMakeTmp\cmTC_4ed08.vcxproj]

Source:
/* */
#include <ldap_ssl.h>


int main(void){return 0;}

Determining if files ;ldapssl.h exist failed with the following output:
Change Dir: C:/Development/op3d_active/curl-7.70.0/msvc/CMakeFiles/CMakeTmp

Run Build Command(s):C:/Program Files (x86)/Microsoft Visual Studio/2017/Enterprise/MSBuild/15.0/Bin/MSBuild.exe cmTC_bb794.vcxproj /p:Configuration=Debug /p:Platform=Win32 /p:VisualStudioVersion=15.0 /v:m 
Microsoft (R) Build Engine version 15.9.21+g9802d43bc3 for .NET Framework
Copyright (C) Microsoft Corporation. All rights reserved.

  Microsoft (R) C/C++ Optimizing Compiler Version 19.16.27038 for x86
  Copyright (C) Microsoft Corporation.  All rights reserved.
  
  cl /c /I"C:\Program Files (x86)\Visual Leak Detector\include" /Zi /W3 /WX- /diagnostics:classic /Od /Ob0 /Oy- /D WIN32 /D _WINDOWS /D _WINSOCKAPI_= /D "CMAKE_INTDIR=\"Debug\"" /D _MBCS /Gm- /RTC1 /MDd /GS /fp:precise /Zc:wchar_t /Zc:forScope /Zc:inline /Fo"cmTC_bb794.dir\Debug\\" /Fd"cmTC_bb794.dir\Debug\vc141.pdb" /Gd /TC /analyze- /errorReport:queue "C:\Development\op3d_active\curl-7.70.0\msvc\CMakeFiles\CheckIncludeFiles\HAVE_LDAPSSL_H.c"
  HAVE_LDAPSSL_H.c
  
C:\Development\op3d_active\curl-7.70.0\msvc\CMakeFiles\CheckIncludeFiles\HAVE_LDAPSSL_H.c(2): fatal error C1083: Cannot open include file: 'ldapssl.h': No such file or directory [C:\Development\op3d_active\curl-7.70.0\msvc\CMakeFiles\CMakeTmp\cmTC_bb794.vcxproj]

Source:
/* */
#include <ldapssl.h>


int main(void){return 0;}

Determining if the function idn2_lookup_ul exists in the idn2;wldap32;winmm;ws2_32;advapi32 failed with the following output:
Change Dir: C:/Development/op3d_active/curl-7.70.0/msvc/CMakeFiles/CMakeTmp

Run Build Command(s):C:/Program Files (x86)/Microsoft Visual Studio/2017/Enterprise/MSBuild/15.0/Bin/MSBuild.exe cmTC_d2452.vcxproj /p:Configuration=Debug /p:Platform=Win32 /p:VisualStudioVersion=15.0 /v:m 
Microsoft (R) Build Engine version 15.9.21+g9802d43bc3 for .NET Framework
Copyright (C) Microsoft Corporation. All rights reserved.

  Microsoft (R) C/C++ Optimizing Compiler Version 19.16.27038 for x86
  Copyright (C) Microsoft Corporation.  All rights reserved.
  
  cl /c /I"C:\Program Files (x86)\Visual Leak Detector\include" /Zi /W3 /WX- /diagnostics:classic /Od /Ob0 /Oy- /D WIN32 /D _WINDOWS /D CHECK_FUNCTION_EXISTS=idn2_lookup_ul /D _WINSOCKAPI_= /D "CMAKE_INTDIR=\"Debug\"" /D _MBCS /Gm- /RTC1 /MDd /GS /fp:precise /Zc:wchar_t /Zc:forScope /Zc:inline /Fo"cmTC_d2452.dir\Debug\\" /Fd"cmTC_d2452.dir\Debug\vc141.pdb" /Gd /TC /analyze- /errorReport:queue "C:\Program Files\CMake\share\cmake-3.14\Modules\CheckFunctionExists.c"
  CheckFunctionExists.c
  
LINK : fatal error LNK1104: cannot open file 'idn2.lib' [C:\Development\op3d_active\curl-7.70.0\msvc\CMakeFiles\CMakeTmp\cmTC_d2452.vcxproj]


Performing C SOURCE FILE Test USE_UNIX_SOCKETS failed with the following output:
Change Dir: C:/Development/op3d_active/curl-7.70.0/msvc/CMakeFiles/CMakeTmp

Run Build Command(s):C:/Program Files (x86)/Microsoft Visual Studio/2017/Enterprise/MSBuild/15.0/Bin/MSBuild.exe cmTC_25088.vcxproj /p:Configuration=Debug /p:Platform=Win32 /p:VisualStudioVersion=15.0 /v:m 
Microsoft (R) Build Engine version 15.9.21+g9802d43bc3 for .NET Framework
Copyright (C) Microsoft Corporation. All rights reserved.

  Microsoft (R) C/C++ Optimizing Compiler Version 19.16.27038 for x86
  Copyright (C) Microsoft Corporation.  All rights reserved.
  
  cl /c /I"C:\Development\op3d_active\zlib-1.2.8" /I"C:\Program Files (x86)\Visual Leak Detector\include" /Zi /W3 /WX- /diagnostics:classic /Od /Ob0 /Oy- /D WIN32 /D _WINDOWS /D USE_UNIX_SOCKETS /D _WINSOCKAPI_= /D "CMAKE_INTDIR=\"Debug\"" /D _MBCS /Gm- /RTC1 /MDd /GS /fp:precise /Zc:wchar_t /Zc:forScope /Zc:inline /Fo"cmTC_25088.dir\Debug\\" /Fd"cmTC_25088.dir\Debug\vc141.pdb" /Gd /TC /analyze- /errorReport:queue "C:\Development\op3d_active\curl-7.70.0\msvc\CMakeFiles\CMakeTmp\src.c"
  
  src.c
C:\Development\op3d_active\curl-7.70.0\msvc\CMakeFiles\CMakeTmp\src.c(2): fatal error C1083: Cannot open include file: 'sys/un.h': No such file or directory [C:\Development\op3d_active\curl-7.70.0\msvc\CMakeFiles\CMakeTmp\cmTC_25088.vcxproj]

Source file was:

#include <sys/un.h>

int main()
{
   (void)sizeof(((struct sockaddr_un *)0)->sun_path);
   return 0;
}

Determining if files windows.h;winsock.h;ws2tcpip.h;winsock2.h;stdio.h;sys/filio.h exist failed with the following output:
Change Dir: C:/Development/op3d_active/curl-7.70.0/msvc/CMakeFiles/CMakeTmp

Run Build Command(s):C:/Program Files (x86)/Microsoft Visual Studio/2017/Enterprise/MSBuild/15.0/Bin/MSBuild.exe cmTC_c5534.vcxproj /p:Configuration=Debug /p:Platform=Win32 /p:VisualStudioVersion=15.0 /v:m 
Microsoft (R) Build Engine version 15.9.21+g9802d43bc3 for .NET Framework
Copyright (C) Microsoft Corporation. All rights reserved.

  Microsoft (R) C/C++ Optimizing Compiler Version 19.16.27038 for x86
  Copyright (C) Microsoft Corporation.  All rights reserved.
  
  cl /c /I"C:\Development\op3d_active\zlib-1.2.8" /I"C:\Program Files (x86)\Visual Leak Detector\include" /Zi /W3 /WX- /diagnostics:classic /Od /Ob0 /Oy- /D WIN32 /D _WINDOWS /D _WINSOCKAPI_= /D "CMAKE_INTDIR=\"Debug\"" /D _MBCS /Gm- /RTC1 /MDd /GS /fp:precise /Zc:wchar_t /Zc:forScope /Zc:inline /Fo"cmTC_c5534.dir\Debug\\" /Fd"cmTC_c5534.dir\Debug\vc141.pdb" /Gd /TC /analyze- /errorReport:queue "C:\Development\op3d_active\curl-7.70.0\msvc\CMakeFiles\CheckIncludeFiles\HAVE_SYS_FILIO_H.c"
  HAVE_SYS_FILIO_H.c
  
C:\Development\op3d_active\curl-7.70.0\msvc\CMakeFiles\CheckIncludeFiles\HAVE_SYS_FILIO_H.c(7): fatal error C1083: Cannot open include file: 'sys/filio.h': No such file or directory [C:\Development\op3d_active\curl-7.70.0\msvc\CMakeFiles\CMakeTmp\cmTC_c5534.vcxproj]

Source:
/* */
#include <windows.h>
#include <winsock.h>
#include <ws2tcpip.h>
#include <winsock2.h>
#include <stdio.h>
#include <sys/filio.h>


int main(void){return 0;}

Determining if files windows.h;winsock.h;ws2tcpip.h;winsock2.h;stdio.h;sys/ioctl.h exist failed with the following output:
Change Dir: C:/Development/op3d_active/curl-7.70.0/msvc/CMakeFiles/CMakeTmp

Run Build Command(s):C:/Program Files (x86)/Microsoft Visual Studio/2017/Enterprise/MSBuild/15.0/Bin/MSBuild.exe cmTC_24939.vcxproj /p:Configuration=Debug /p:Platform=Win32 /p:VisualStudioVersion=15.0 /v:m 
Microsoft (R) Build Engine version 15.9.21+g9802d43bc3 for .NET Framework
Copyright (C) Microsoft Corporation. All rights reserved.

  Microsoft (R) C/C++ Optimizing Compiler Version 19.16.27038 for x86
  Copyright (C) Microsoft Corporation.  All rights reserved.
  
  cl /c /I"C:\Development\op3d_active\zlib-1.2.8" /I"C:\Program Files (x86)\Visual Leak Detector\include" /Zi /W3 /WX- /diagnostics:classic /Od /Ob0 /Oy- /D WIN32 /D _WINDOWS /D _WINSOCKAPI_= /D "CMAKE_INTDIR=\"Debug\"" /D _MBCS /Gm- /RTC1 /MDd /GS /fp:precise /Zc:wchar_t /Zc:forScope /Zc:inline /Fo"cmTC_24939.dir\Debug\\" /Fd"cmTC_24939.dir\Debug\vc141.pdb" /Gd /TC /analyze- /errorReport:queue "C:\Development\op3d_active\curl-7.70.0\msvc\CMakeFiles\CheckIncludeFiles\HAVE_SYS_IOCTL_H.c"
  HAVE_SYS_IOCTL_H.c
  
C:\Development\op3d_active\curl-7.70.0\msvc\CMakeFiles\CheckIncludeFiles\HAVE_SYS_IOCTL_H.c(7): fatal error C1083: Cannot open include file: 'sys/ioctl.h': No such file or directory [C:\Development\op3d_active\curl-7.70.0\msvc\CMakeFiles\CMakeTmp\cmTC_24939.vcxproj]

Source:
/* */
#include <windows.h>
#include <winsock.h>
#include <ws2tcpip.h>
#include <winsock2.h>
#include <stdio.h>
#include <sys/ioctl.h>


int main(void){return 0;}

Determining if files windows.h;winsock.h;ws2tcpip.h;winsock2.h;stdio.h;sys/resource.h exist failed with the following output:
Change Dir: C:/Development/op3d_active/curl-7.70.0/msvc/CMakeFiles/CMakeTmp

Run Build Command(s):C:/Program Files (x86)/Microsoft Visual Studio/2017/Enterprise/MSBuild/15.0/Bin/MSBuild.exe cmTC_3c011.vcxproj /p:Configuration=Debug /p:Platform=Win32 /p:VisualStudioVersion=15.0 /v:m 
Microsoft (R) Build Engine version 15.9.21+g9802d43bc3 for .NET Framework
Copyright (C) Microsoft Corporation. All rights reserved.

  Microsoft (R) C/C++ Optimizing Compiler Version 19.16.27038 for x86
  Copyright (C) Microsoft Corporation.  All rights reserved.
  
  cl /c /I"C:\Development\op3d_active\zlib-1.2.8" /I"C:\Program Files (x86)\Visual Leak Detector\include" /Zi /W3 /WX- /diagnostics:classic /Od /Ob0 /Oy- /D WIN32 /D _WINDOWS /D _WINSOCKAPI_= /D "CMAKE_INTDIR=\"Debug\"" /D _MBCS /Gm- /RTC1 /MDd /GS /fp:precise /Zc:wchar_t /Zc:forScope /Zc:inline /Fo"cmTC_3c011.dir\Debug\\" /Fd"cmTC_3c011.dir\Debug\vc141.pdb" /Gd /TC /analyze- /errorReport:queue "C:\Development\op3d_active\curl-7.70.0\msvc\CMakeFiles\CheckIncludeFiles\HAVE_SYS_RESOURCE_H.c"
  HAVE_SYS_RESOURCE_H.c
  
C:\Development\op3d_active\curl-7.70.0\msvc\CMakeFiles\CheckIncludeFiles\HAVE_SYS_RESOURCE_H.c(7): fatal error C1083: Cannot open include file: 'sys/resource.h': No such file or directory [C:\Development\op3d_active\curl-7.70.0\msvc\CMakeFiles\CMakeTmp\cmTC_3c011.vcxproj]

Source:
/* */
#include <windows.h>
#include <winsock.h>
#include <ws2tcpip.h>
#include <winsock2.h>
#include <stdio.h>
#include <sys/resource.h>


int main(void){return 0;}

Determining if files windows.h;winsock.h;ws2tcpip.h;winsock2.h;stdio.h;sys/stat.h;sys/types.h;sys/uio.h exist failed with the following output:
Change Dir: C:/Development/op3d_active/curl-7.70.0/msvc/CMakeFiles/CMakeTmp

Run Build Command(s):C:/Program Files (x86)/Microsoft Visual Studio/2017/Enterprise/MSBuild/15.0/Bin/MSBuild.exe cmTC_052fc.vcxproj /p:Configuration=Debug /p:Platform=Win32 /p:VisualStudioVersion=15.0 /v:m 
Microsoft (R) Build Engine version 15.9.21+g9802d43bc3 for .NET Framework
Copyright (C) Microsoft Corporation. All rights reserved.

  Microsoft (R) C/C++ Optimizing Compiler Version 19.16.27038 for x86
  Copyright (C) Microsoft Corporation.  All rights reserved.
  
  cl /c /I"C:\Development\op3d_active\zlib-1.2.8" /I"C:\Program Files (x86)\Visual Leak Detector\include" /Zi /W3 /WX- /diagnostics:classic /Od /Ob0 /Oy- /D WIN32 /D _WINDOWS /D _WINSOCKAPI_= /D "CMAKE_INTDIR=\"Debug\"" /D _MBCS /Gm- /RTC1 /MDd /GS /fp:precise /Zc:wchar_t /Zc:forScope /Zc:inline /Fo"cmTC_052fc.dir\Debug\\" /Fd"cmTC_052fc.dir\Debug\vc141.pdb" /Gd /TC /analyze- /errorReport:queue "C:\Development\op3d_active\curl-7.70.0\msvc\CMakeFiles\CheckIncludeFiles\HAVE_SYS_UIO_H.c"
  HAVE_SYS_UIO_H.c
  
C:\Development\op3d_active\curl-7.70.0\msvc\CMakeFiles\CheckIncludeFiles\HAVE_SYS_UIO_H.c(9): fatal error C1083: Cannot open include file: 'sys/uio.h': No such file or directory [C:\Development\op3d_active\curl-7.70.0\msvc\CMakeFiles\CMakeTmp\cmTC_052fc.vcxproj]

Source:
/* */
#include <windows.h>
#include <winsock.h>
#include <ws2tcpip.h>
#include <winsock2.h>
#include <stdio.h>
#include <sys/stat.h>
#include <sys/types.h>
#include <sys/uio.h>


int main(void){return 0;}

Determining if files windows.h;winsock.h;ws2tcpip.h;winsock2.h;stdio.h;sys/stat.h;sys/types.h;sys/un.h exist failed with the following output:
Change Dir: C:/Development/op3d_active/curl-7.70.0/msvc/CMakeFiles/CMakeTmp

Run Build Command(s):C:/Program Files (x86)/Microsoft Visual Studio/2017/Enterprise/MSBuild/15.0/Bin/MSBuild.exe cmTC_68c46.vcxproj /p:Configuration=Debug /p:Platform=Win32 /p:VisualStudioVersion=15.0 /v:m 
Microsoft (R) Build Engine version 15.9.21+g9802d43bc3 for .NET Framework
Copyright (C) Microsoft Corporation. All rights reserved.

  Microsoft (R) C/C++ Optimizing Compiler Version 19.16.27038 for x86
  Copyright (C) Microsoft Corporation.  All rights reserved.
  
  cl /c /I"C:\Development\op3d_active\zlib-1.2.8" /I"C:\Program Files (x86)\Visual Leak Detector\include" /Zi /W3 /WX- /diagnostics:classic /Od /Ob0 /Oy- /D WIN32 /D _WINDOWS /D _WINSOCKAPI_= /D "CMAKE_INTDIR=\"Debug\"" /D _MBCS /Gm- /RTC1 /MDd /GS /fp:precise /Zc:wchar_t /Zc:forScope /Zc:inline /Fo"cmTC_68c46.dir\Debug\\" /Fd"cmTC_68c46.dir\Debug\vc141.pdb" /Gd /TC /analyze- /errorReport:queue "C:\Development\op3d_active\curl-7.70.0\msvc\CMakeFiles\CheckIncludeFiles\HAVE_SYS_UN_H.c"
  HAVE_SYS_UN_H.c
  
C:\Development\op3d_active\curl-7.70.0\msvc\CMakeFiles\CheckIncludeFiles\HAVE_SYS_UN_H.c(9): fatal error C1083: Cannot open include file: 'sys/un.h': No such file or directory [C:\Development\op3d_active\curl-7.70.0\msvc\CMakeFiles\CMakeTmp\cmTC_68c46.vcxproj]

Source:
/* */
#include <windows.h>
#include <winsock.h>
#include <ws2tcpip.h>
#include <winsock2.h>
#include <stdio.h>
#include <sys/stat.h>
#include <sys/types.h>
#include <sys/un.h>


int main(void){return 0;}

Determining if files windows.h;winsock.h;ws2tcpip.h;winsock2.h;stdio.h;sys/stat.h;sys/types.h;sys/utime.h;sys/xattr.h exist failed with the following output:
Change Dir: C:/Development/op3d_active/curl-7.70.0/msvc/CMakeFiles/CMakeTmp

Run Build Command(s):C:/Program Files (x86)/Microsoft Visual Studio/2017/Enterprise/MSBuild/15.0/Bin/MSBuild.exe cmTC_6a72b.vcxproj /p:Configuration=Debug /p:Platform=Win32 /p:VisualStudioVersion=15.0 /v:m 
Microsoft (R) Build Engine version 15.9.21+g9802d43bc3 for .NET Framework
Copyright (C) Microsoft Corporation. All rights reserved.

  Microsoft (R) C/C++ Optimizing Compiler Version 19.16.27038 for x86
  Copyright (C) Microsoft Corporation.  All rights reserved.
  
  cl /c /I"C:\Development\op3d_active\zlib-1.2.8" /I"C:\Program Files (x86)\Visual Leak Detector\include" /Zi /W3 /WX- /diagnostics:classic /Od /Ob0 /Oy- /D WIN32 /D _WINDOWS /D _WINSOCKAPI_= /D "CMAKE_INTDIR=\"Debug\"" /D _MBCS /Gm- /RTC1 /MDd /GS /fp:precise /Zc:wchar_t /Zc:forScope /Zc:inline /Fo"cmTC_6a72b.dir\Debug\\" /Fd"cmTC_6a72b.dir\Debug\vc141.pdb" /Gd /TC /analyze- /errorReport:queue "C:\Development\op3d_active\curl-7.70.0\msvc\CMakeFiles\CheckIncludeFiles\HAVE_SYS_XATTR_H.c"
  HAVE_SYS_XATTR_H.c
  
C:\Development\op3d_active\curl-7.70.0\msvc\CMakeFiles\CheckIncludeFiles\HAVE_SYS_XATTR_H.c(10): fatal error C1083: Cannot open include file: 'sys/xattr.h': No such file or directory [C:\Development\op3d_active\curl-7.70.0\msvc\CMakeFiles\CMakeTmp\cmTC_6a72b.vcxproj]

Source:
/* */
#include <windows.h>
#include <winsock.h>
#include <ws2tcpip.h>
#include <winsock2.h>
#include <stdio.h>
#include <sys/stat.h>
#include <sys/types.h>
#include <sys/utime.h>
#include <sys/xattr.h>


int main(void){return 0;}

Determining if files windows.h;winsock.h;ws2tcpip.h;winsock2.h;stdio.h;sys/stat.h;sys/types.h;sys/utime.h;arpa/tftp.h exist failed with the following output:
Change Dir: C:/Development/op3d_active/curl-7.70.0/msvc/CMakeFiles/CMakeTmp

Run Build Command(s):C:/Program Files (x86)/Microsoft Visual Studio/2017/Enterprise/MSBuild/15.0/Bin/MSBuild.exe cmTC_59d15.vcxproj /p:Configuration=Debug /p:Platform=Win32 /p:VisualStudioVersion=15.0 /v:m 
Microsoft (R) Build Engine version 15.9.21+g9802d43bc3 for .NET Framework
Copyright (C) Microsoft Corporation. All rights reserved.

  Microsoft (R) C/C++ Optimizing Compiler Version 19.16.27038 for x86
  Copyright (C) Microsoft Corporation.  All rights reserved.
  
  cl /c /I"C:\Development\op3d_active\zlib-1.2.8" /I"C:\Program Files (x86)\Visual Leak Detector\include" /Zi /W3 /WX- /diagnostics:classic /Od /Ob0 /Oy- /D WIN32 /D _WINDOWS /D _WINSOCKAPI_= /D "CMAKE_INTDIR=\"Debug\"" /D _MBCS /Gm- /RTC1 /MDd /GS /fp:precise /Zc:wchar_t /Zc:forScope /Zc:inline /Fo"cmTC_59d15.dir\Debug\\" /Fd"cmTC_59d15.dir\Debug\vc141.pdb" /Gd /TC /analyze- /errorReport:queue "C:\Development\op3d_active\curl-7.70.0\msvc\CMakeFiles\CheckIncludeFiles\HAVE_ARPA_TFTP_H.c"
  HAVE_ARPA_TFTP_H.c
  
C:\Development\op3d_active\curl-7.70.0\msvc\CMakeFiles\CheckIncludeFiles\HAVE_ARPA_TFTP_H.c(10): fatal error C1083: Cannot open include file: 'arpa/tftp.h': No such file or directory [C:\Development\op3d_active\curl-7.70.0\msvc\CMakeFiles\CMakeTmp\cmTC_59d15.vcxproj]

Source:
/* */
#include <windows.h>
#include <winsock.h>
#include <ws2tcpip.h>
#include <winsock2.h>
#include <stdio.h>
#include <sys/stat.h>
#include <sys/types.h>
#include <sys/utime.h>
#include <arpa/tftp.h>


int main(void){return 0;}

Determining if files windows.h;winsock.h;ws2tcpip.h;winsock2.h;stdio.h;sys/stat.h;sys/types.h;sys/utime.h;assert.h;crypto.h exist failed with the following output:
Change Dir: C:/Development/op3d_active/curl-7.70.0/msvc/CMakeFiles/CMakeTmp

Run Build Command(s):C:/Program Files (x86)/Microsoft Visual Studio/2017/Enterprise/MSBuild/15.0/Bin/MSBuild.exe cmTC_08aae.vcxproj /p:Configuration=Debug /p:Platform=Win32 /p:VisualStudioVersion=15.0 /v:m 
Microsoft (R) Build Engine version 15.9.21+g9802d43bc3 for .NET Framework
Copyright (C) Microsoft Corporation. All rights reserved.

  Microsoft (R) C/C++ Optimizing Compiler Version 19.16.27038 for x86
  Copyright (C) Microsoft Corporation.  All rights reserved.
  
  cl /c /I"C:\Development\op3d_active\zlib-1.2.8" /I"C:\Program Files (x86)\Visual Leak Detector\include" /Zi /W3 /WX- /diagnostics:classic /Od /Ob0 /Oy- /D WIN32 /D _WINDOWS /D _WINSOCKAPI_= /D "CMAKE_INTDIR=\"Debug\"" /D _MBCS /Gm- /RTC1 /MDd /GS /fp:precise /Zc:wchar_t /Zc:forScope /Zc:inline /Fo"cmTC_08aae.dir\Debug\\" /Fd"cmTC_08aae.dir\Debug\vc141.pdb" /Gd /TC /analyze- /errorReport:queue "C:\Development\op3d_active\curl-7.70.0\msvc\CMakeFiles\CheckIncludeFiles\HAVE_CRYPTO_H.c"
  HAVE_CRYPTO_H.c
  
C:\Development\op3d_active\curl-7.70.0\msvc\CMakeFiles\CheckIncludeFiles\HAVE_CRYPTO_H.c(11): fatal error C1083: Cannot open include file: 'crypto.h': No such file or directory [C:\Development\op3d_active\curl-7.70.0\msvc\CMakeFiles\CMakeTmp\cmTC_08aae.vcxproj]

Source:
/* */
#include <windows.h>
#include <winsock.h>
#include <ws2tcpip.h>
#include <winsock2.h>
#include <stdio.h>
#include <sys/stat.h>
#include <sys/types.h>
#include <sys/utime.h>
#include <assert.h>
#include <crypto.h>


int main(void){return 0;}

Determining if files windows.h;winsock.h;ws2tcpip.h;winsock2.h;stdio.h;sys/stat.h;sys/types.h;sys/utime.h;assert.h;err.h exist failed with the following output:
Change Dir: C:/Development/op3d_active/curl-7.70.0/msvc/CMakeFiles/CMakeTmp

Run Build Command(s):C:/Program Files (x86)/Microsoft Visual Studio/2017/Enterprise/MSBuild/15.0/Bin/MSBuild.exe cmTC_60174.vcxproj /p:Configuration=Debug /p:Platform=Win32 /p:VisualStudioVersion=15.0 /v:m 
Microsoft (R) Build Engine version 15.9.21+g9802d43bc3 for .NET Framework
Copyright (C) Microsoft Corporation. All rights reserved.

  Microsoft (R) C/C++ Optimizing Compiler Version 19.16.27038 for x86
  Copyright (C) Microsoft Corporation.  All rights reserved.
  
  cl /c /I"C:\Development\op3d_active\zlib-1.2.8" /I"C:\Program Files (x86)\Visual Leak Detector\include" /Zi /W3 /WX- /diagnostics:classic /Od /Ob0 /Oy- /D WIN32 /D _WINDOWS /D _WINSOCKAPI_= /D "CMAKE_INTDIR=\"Debug\"" /D _MBCS /Gm- /RTC1 /MDd /GS /fp:precise /Zc:wchar_t /Zc:forScope /Zc:inline /Fo"cmTC_60174.dir\Debug\\" /Fd"cmTC_60174.dir\Debug\vc141.pdb" /Gd /TC /analyze- /errorReport:queue "C:\Development\op3d_active\curl-7.70.0\msvc\CMakeFiles\CheckIncludeFiles\HAVE_ERR_H.c"
  HAVE_ERR_H.c
  
C:\Development\op3d_active\curl-7.70.0\msvc\CMakeFiles\CheckIncludeFiles\HAVE_ERR_H.c(11): fatal error C1083: Cannot open include file: 'err.h': No such file or directory [C:\Development\op3d_active\curl-7.70.0\msvc\CMakeFiles\CMakeTmp\cmTC_60174.vcxproj]

Source:
/* */
#include <windows.h>
#include <winsock.h>
#include <ws2tcpip.h>
#include <winsock2.h>
#include <stdio.h>
#include <sys/stat.h>
#include <sys/types.h>
#include <sys/utime.h>
#include <assert.h>
#include <err.h>


int main(void){return 0;}

Determining if files windows.h;winsock.h;ws2tcpip.h;winsock2.h;stdio.h;sys/stat.h;sys/types.h;sys/utime.h;assert.h;errno.h;fcntl.h;idn2.h exist failed with the following output:
Change Dir: C:/Development/op3d_active/curl-7.70.0/msvc/CMakeFiles/CMakeTmp

Run Build Command(s):C:/Program Files (x86)/Microsoft Visual Studio/2017/Enterprise/MSBuild/15.0/Bin/MSBuild.exe cmTC_4e89f.vcxproj /p:Configuration=Debug /p:Platform=Win32 /p:VisualStudioVersion=15.0 /v:m 
Microsoft (R) Build Engine version 15.9.21+g9802d43bc3 for .NET Framework
Copyright (C) Microsoft Corporation. All rights reserved.

  Microsoft (R) C/C++ Optimizing Compiler Version 19.16.27038 for x86
  Copyright (C) Microsoft Corporation.  All rights reserved.
  
  cl /c /I"C:\Development\op3d_active\zlib-1.2.8" /I"C:\Program Files (x86)\Visual Leak Detector\include" /Zi /W3 /WX- /diagnostics:classic /Od /Ob0 /Oy- /D WIN32 /D _WINDOWS /D _WINSOCKAPI_= /D "CMAKE_INTDIR=\"Debug\"" /D _MBCS /Gm- /RTC1 /MDd /GS /fp:precise /Zc:wchar_t /Zc:forScope /Zc:inline /Fo"cmTC_4e89f.dir\Debug\\" /Fd"cmTC_4e89f.dir\Debug\vc141.pdb" /Gd /TC /analyze- /errorReport:queue "C:\Development\op3d_active\curl-7.70.0\msvc\CMakeFiles\CheckIncludeFiles\HAVE_IDN2_H.c"
  HAVE_IDN2_H.c
  
C:\Development\op3d_active\curl-7.70.0\msvc\CMakeFiles\CheckIncludeFiles\HAVE_IDN2_H.c(13): fatal error C1083: Cannot open include file: 'idn2.h': No such file or directory [C:\Development\op3d_active\curl-7.70.0\msvc\CMakeFiles\CMakeTmp\cmTC_4e89f.vcxproj]

Source:
/* */
#include <windows.h>
#include <winsock.h>
#include <ws2tcpip.h>
#include <winsock2.h>
#include <stdio.h>
#include <sys/stat.h>
#include <sys/types.h>
#include <sys/utime.h>
#include <assert.h>
#include <errno.h>
#include <fcntl.h>
#include <idn2.h>


int main(void){return 0;}

Determining if files windows.h;winsock.h;ws2tcpip.h;winsock2.h;stdio.h;sys/stat.h;sys/types.h;sys/utime.h;assert.h;errno.h;fcntl.h;ifaddrs.h exist failed with the following output:
Change Dir: C:/Development/op3d_active/curl-7.70.0/msvc/CMakeFiles/CMakeTmp

Run Build Command(s):C:/Program Files (x86)/Microsoft Visual Studio/2017/Enterprise/MSBuild/15.0/Bin/MSBuild.exe cmTC_6565c.vcxproj /p:Configuration=Debug /p:Platform=Win32 /p:VisualStudioVersion=15.0 /v:m 
Microsoft (R) Build Engine version 15.9.21+g9802d43bc3 for .NET Framework
Copyright (C) Microsoft Corporation. All rights reserved.

  Microsoft (R) C/C++ Optimizing Compiler Version 19.16.27038 for x86
  Copyright (C) Microsoft Corporation.  All rights reserved.
  
  cl /c /I"C:\Development\op3d_active\zlib-1.2.8" /I"C:\Program Files (x86)\Visual Leak Detector\include" /Zi /W3 /WX- /diagnostics:classic /Od /Ob0 /Oy- /D WIN32 /D _WINDOWS /D _WINSOCKAPI_= /D "CMAKE_INTDIR=\"Debug\"" /D _MBCS /Gm- /RTC1 /MDd /GS /fp:precise /Zc:wchar_t /Zc:forScope /Zc:inline /Fo"cmTC_6565c.dir\Debug\\" /Fd"cmTC_6565c.dir\Debug\vc141.pdb" /Gd /TC /analyze- /errorReport:queue "C:\Development\op3d_active\curl-7.70.0\msvc\CMakeFiles\CheckIncludeFiles\HAVE_IFADDRS_H.c"
  HAVE_IFADDRS_H.c
  
C:\Development\op3d_active\curl-7.70.0\msvc\CMakeFiles\CheckIncludeFiles\HAVE_IFADDRS_H.c(13): fatal error C1083: Cannot open include file: 'ifaddrs.h': No such file or directory [C:\Development\op3d_active\curl-7.70.0\msvc\CMakeFiles\CMakeTmp\cmTC_6565c.vcxproj]

Source:
/* */
#include <windows.h>
#include <winsock.h>
#include <ws2tcpip.h>
#include <winsock2.h>
#include <stdio.h>
#include <sys/stat.h>
#include <sys/types.h>
#include <sys/utime.h>
#include <assert.h>
#include <errno.h>
#include <fcntl.h>
#include <ifaddrs.h>


int main(void){return 0;}

Determining if files windows.h;winsock.h;ws2tcpip.h;winsock2.h;stdio.h;sys/stat.h;sys/types.h;sys/utime.h;assert.h;errno.h;fcntl.h;io.h;krb.h exist failed with the following output:
Change Dir: C:/Development/op3d_active/curl-7.70.0/msvc/CMakeFiles/CMakeTmp

Run Build Command(s):C:/Program Files (x86)/Microsoft Visual Studio/2017/Enterprise/MSBuild/15.0/Bin/MSBuild.exe cmTC_51f8f.vcxproj /p:Configuration=Debug /p:Platform=Win32 /p:VisualStudioVersion=15.0 /v:m 
Microsoft (R) Build Engine version 15.9.21+g9802d43bc3 for .NET Framework
Copyright (C) Microsoft Corporation. All rights reserved.

  Microsoft (R) C/C++ Optimizing Compiler Version 19.16.27038 for x86
  Copyright (C) Microsoft Corporation.  All rights reserved.
  
  cl /c /I"C:\Development\op3d_active\zlib-1.2.8" /I"C:\Program Files (x86)\Visual Leak Detector\include" /Zi /W3 /WX- /diagnostics:classic /Od /Ob0 /Oy- /D WIN32 /D _WINDOWS /D _WINSOCKAPI_= /D "CMAKE_INTDIR=\"Debug\"" /D _MBCS /Gm- /RTC1 /MDd /GS /fp:precise /Zc:wchar_t /Zc:forScope /Zc:inline /Fo"cmTC_51f8f.dir\Debug\\" /Fd"cmTC_51f8f.dir\Debug\vc141.pdb" /Gd /TC /analyze- /errorReport:queue "C:\Development\op3d_active\curl-7.70.0\msvc\CMakeFiles\CheckIncludeFiles\HAVE_KRB_H.c"
  HAVE_KRB_H.c
  
C:\Development\op3d_active\curl-7.70.0\msvc\CMakeFiles\CheckIncludeFiles\HAVE_KRB_H.c(14): fatal error C1083: Cannot open include file: 'krb.h': No such file or directory [C:\Development\op3d_active\curl-7.70.0\msvc\CMakeFiles\CMakeTmp\cmTC_51f8f.vcxproj]

Source:
/* */
#include <windows.h>
#include <winsock.h>
#include <ws2tcpip.h>
#include <winsock2.h>
#include <stdio.h>
#include <sys/stat.h>
#include <sys/types.h>
#include <sys/utime.h>
#include <assert.h>
#include <errno.h>
#include <fcntl.h>
#include <io.h>
#include <krb.h>


int main(void){return 0;}

Determining if files windows.h;winsock.h;ws2tcpip.h;winsock2.h;stdio.h;sys/stat.h;sys/types.h;sys/utime.h;assert.h;errno.h;fcntl.h;io.h;libgen.h exist failed with the following output:
Change Dir: C:/Development/op3d_active/curl-7.70.0/msvc/CMakeFiles/CMakeTmp

Run Build Command(s):C:/Program Files (x86)/Microsoft Visual Studio/2017/Enterprise/MSBuild/15.0/Bin/MSBuild.exe cmTC_8727e.vcxproj /p:Configuration=Debug /p:Platform=Win32 /p:VisualStudioVersion=15.0 /v:m 
Microsoft (R) Build Engine version 15.9.21+g9802d43bc3 for .NET Framework
Copyright (C) Microsoft Corporation. All rights reserved.

  Microsoft (R) C/C++ Optimizing Compiler Version 19.16.27038 for x86
  Copyright (C) Microsoft Corporation.  All rights reserved.
  
  cl /c /I"C:\Development\op3d_active\zlib-1.2.8" /I"C:\Program Files (x86)\Visual Leak Detector\include" /Zi /W3 /WX- /diagnostics:classic /Od /Ob0 /Oy- /D WIN32 /D _WINDOWS /D _WINSOCKAPI_= /D "CMAKE_INTDIR=\"Debug\"" /D _MBCS /Gm- /RTC1 /MDd /GS /fp:precise /Zc:wchar_t /Zc:forScope /Zc:inline /Fo"cmTC_8727e.dir\Debug\\" /Fd"cmTC_8727e.dir\Debug\vc141.pdb" /Gd /TC /analyze- /errorReport:queue "C:\Development\op3d_active\curl-7.70.0\msvc\CMakeFiles\CheckIncludeFiles\HAVE_LIBGEN_H.c"
  HAVE_LIBGEN_H.c
  
C:\Development\op3d_active\curl-7.70.0\msvc\CMakeFiles\CheckIncludeFiles\HAVE_LIBGEN_H.c(14): fatal error C1083: Cannot open include file: 'libgen.h': No such file or directory [C:\Development\op3d_active\curl-7.70.0\msvc\CMakeFiles\CMakeTmp\cmTC_8727e.vcxproj]

Source:
/* */
#include <windows.h>
#include <winsock.h>
#include <ws2tcpip.h>
#include <winsock2.h>
#include <stdio.h>
#include <sys/stat.h>
#include <sys/types.h>
#include <sys/utime.h>
#include <assert.h>
#include <errno.h>
#include <fcntl.h>
#include <io.h>
#include <libgen.h>


int main(void){return 0;}

Determining if files windows.h;winsock.h;ws2tcpip.h;winsock2.h;stdio.h;sys/stat.h;sys/types.h;sys/utime.h;assert.h;errno.h;fcntl.h;io.h;locale.h;netinet/tcp.h exist failed with the following output:
Change Dir: C:/Development/op3d_active/curl-7.70.0/msvc/CMakeFiles/CMakeTmp

Run Build Command(s):C:/Program Files (x86)/Microsoft Visual Studio/2017/Enterprise/MSBuild/15.0/Bin/MSBuild.exe cmTC_af9d8.vcxproj /p:Configuration=Debug /p:Platform=Win32 /p:VisualStudioVersion=15.0 /v:m 
Microsoft (R) Build Engine version 15.9.21+g9802d43bc3 for .NET Framework
Copyright (C) Microsoft Corporation. All rights reserved.

  Microsoft (R) C/C++ Optimizing Compiler Version 19.16.27038 for x86
  Copyright (C) Microsoft Corporation.  All rights reserved.
  
  cl /c /I"C:\Development\op3d_active\zlib-1.2.8" /I"C:\Program Files (x86)\Visual Leak Detector\include" /Zi /W3 /WX- /diagnostics:classic /Od /Ob0 /Oy- /D WIN32 /D _WINDOWS /D _WINSOCKAPI_= /D "CMAKE_INTDIR=\"Debug\"" /D _MBCS /Gm- /RTC1 /MDd /GS /fp:precise /Zc:wchar_t /Zc:forScope /Zc:inline /Fo"cmTC_af9d8.dir\Debug\\" /Fd"cmTC_af9d8.dir\Debug\vc141.pdb" /Gd /TC /analyze- /errorReport:queue "C:\Development\op3d_active\curl-7.70.0\msvc\CMakeFiles\CheckIncludeFiles\HAVE_NETINET_TCP_H.c"
  HAVE_NETINET_TCP_H.c
  
C:\Development\op3d_active\curl-7.70.0\msvc\CMakeFiles\CheckIncludeFiles\HAVE_NETINET_TCP_H.c(15): fatal error C1083: Cannot open include file: 'netinet/tcp.h': No such file or directory [C:\Development\op3d_active\curl-7.70.0\msvc\CMakeFiles\CMakeTmp\cmTC_af9d8.vcxproj]

Source:
/* */
#include <windows.h>
#include <winsock.h>
#include <ws2tcpip.h>
#include <winsock2.h>
#include <stdio.h>
#include <sys/stat.h>
#include <sys/types.h>
#include <sys/utime.h>
#include <assert.h>
#include <errno.h>
#include <fcntl.h>
#include <io.h>
#include <locale.h>
#include <netinet/tcp.h>


int main(void){return 0;}

Determining if files windows.h;winsock.h;ws2tcpip.h;winsock2.h;stdio.h;sys/stat.h;sys/types.h;sys/utime.h;assert.h;errno.h;fcntl.h;io.h;locale.h;pem.h exist failed with the following output:
Change Dir: C:/Development/op3d_active/curl-7.70.0/msvc/CMakeFiles/CMakeTmp

Run Build Command(s):C:/Program Files (x86)/Microsoft Visual Studio/2017/Enterprise/MSBuild/15.0/Bin/MSBuild.exe cmTC_24a43.vcxproj /p:Configuration=Debug /p:Platform=Win32 /p:VisualStudioVersion=15.0 /v:m 
Microsoft (R) Build Engine version 15.9.21+g9802d43bc3 for .NET Framework
Copyright (C) Microsoft Corporation. All rights reserved.

  Microsoft (R) C/C++ Optimizing Compiler Version 19.16.27038 for x86
  Copyright (C) Microsoft Corporation.  All rights reserved.
  
  cl /c /I"C:\Development\op3d_active\zlib-1.2.8" /I"C:\Program Files (x86)\Visual Leak Detector\include" /Zi /W3 /WX- /diagnostics:classic /Od /Ob0 /Oy- /D WIN32 /D _WINDOWS /D _WINSOCKAPI_= /D "CMAKE_INTDIR=\"Debug\"" /D _MBCS /Gm- /RTC1 /MDd /GS /fp:precise /Zc:wchar_t /Zc:forScope /Zc:inline /Fo"cmTC_24a43.dir\Debug\\" /Fd"cmTC_24a43.dir\Debug\vc141.pdb" /Gd /TC /analyze- /errorReport:queue "C:\Development\op3d_active\curl-7.70.0\msvc\CMakeFiles\CheckIncludeFiles\HAVE_PEM_H.c"
  HAVE_PEM_H.c
  
C:\Development\op3d_active\curl-7.70.0\msvc\CMakeFiles\CheckIncludeFiles\HAVE_PEM_H.c(15): fatal error C1083: Cannot open include file: 'pem.h': No such file or directory [C:\Development\op3d_active\curl-7.70.0\msvc\CMakeFiles\CMakeTmp\cmTC_24a43.vcxproj]

Source:
/* */
#include <windows.h>
#include <winsock.h>
#include <ws2tcpip.h>
#include <winsock2.h>
#include <stdio.h>
#include <sys/stat.h>
#include <sys/types.h>
#include <sys/utime.h>
#include <assert.h>
#include <errno.h>
#include <fcntl.h>
#include <io.h>
#include <locale.h>
#include <pem.h>


int main(void){return 0;}

Determining if files windows.h;winsock.h;ws2tcpip.h;winsock2.h;stdio.h;sys/stat.h;sys/types.h;sys/utime.h;assert.h;errno.h;fcntl.h;io.h;locale.h;poll.h exist failed with the following output:
Change Dir: C:/Development/op3d_active/curl-7.70.0/msvc/CMakeFiles/CMakeTmp

Run Build Command(s):C:/Program Files (x86)/Microsoft Visual Studio/2017/Enterprise/MSBuild/15.0/Bin/MSBuild.exe cmTC_862bb.vcxproj /p:Configuration=Debug /p:Platform=Win32 /p:VisualStudioVersion=15.0 /v:m 
Microsoft (R) Build Engine version 15.9.21+g9802d43bc3 for .NET Framework
Copyright (C) Microsoft Corporation. All rights reserved.

  Microsoft (R) C/C++ Optimizing Compiler Version 19.16.27038 for x86
  Copyright (C) Microsoft Corporation.  All rights reserved.
  
  cl /c /I"C:\Development\op3d_active\zlib-1.2.8" /I"C:\Program Files (x86)\Visual Leak Detector\include" /Zi /W3 /WX- /diagnostics:classic /Od /Ob0 /Oy- /D WIN32 /D _WINDOWS /D _WINSOCKAPI_= /D "CMAKE_INTDIR=\"Debug\"" /D _MBCS /Gm- /RTC1 /MDd /GS /fp:precise /Zc:wchar_t /Zc:forScope /Zc:inline /Fo"cmTC_862bb.dir\Debug\\" /Fd"cmTC_862bb.dir\Debug\vc141.pdb" /Gd /TC /analyze- /errorReport:queue "C:\Development\op3d_active\curl-7.70.0\msvc\CMakeFiles\CheckIncludeFiles\HAVE_POLL_H.c"
  HAVE_POLL_H.c
  
C:\Development\op3d_active\curl-7.70.0\msvc\CMakeFiles\CheckIncludeFiles\HAVE_POLL_H.c(15): fatal error C1083: Cannot open include file: 'poll.h': No such file or directory [C:\Development\op3d_active\curl-7.70.0\msvc\CMakeFiles\CMakeTmp\cmTC_862bb.vcxproj]

Source:
/* */
#include <windows.h>
#include <winsock.h>
#include <ws2tcpip.h>
#include <winsock2.h>
#include <stdio.h>
#include <sys/stat.h>
#include <sys/types.h>
#include <sys/utime.h>
#include <assert.h>
#include <errno.h>
#include <fcntl.h>
#include <io.h>
#include <locale.h>
#include <poll.h>


int main(void){return 0;}

Determining if files windows.h;winsock.h;ws2tcpip.h;winsock2.h;stdio.h;sys/stat.h;sys/types.h;sys/utime.h;assert.h;errno.h;fcntl.h;io.h;locale.h;rsa.h exist failed with the following output:
Change Dir: C:/Development/op3d_active/curl-7.70.0/msvc/CMakeFiles/CMakeTmp

Run Build Command(s):C:/Program Files (x86)/Microsoft Visual Studio/2017/Enterprise/MSBuild/15.0/Bin/MSBuild.exe cmTC_def06.vcxproj /p:Configuration=Debug /p:Platform=Win32 /p:VisualStudioVersion=15.0 /v:m 
Microsoft (R) Build Engine version 15.9.21+g9802d43bc3 for .NET Framework
Copyright (C) Microsoft Corporation. All rights reserved.

  Microsoft (R) C/C++ Optimizing Compiler Version 19.16.27038 for x86
  Copyright (C) Microsoft Corporation.  All rights reserved.
  
  cl /c /I"C:\Development\op3d_active\zlib-1.2.8" /I"C:\Program Files (x86)\Visual Leak Detector\include" /Zi /W3 /WX- /diagnostics:classic /Od /Ob0 /Oy- /D WIN32 /D _WINDOWS /D _WINSOCKAPI_= /D "CMAKE_INTDIR=\"Debug\"" /D _MBCS /Gm- /RTC1 /MDd /GS /fp:precise /Zc:wchar_t /Zc:forScope /Zc:inline /Fo"cmTC_def06.dir\Debug\\" /Fd"cmTC_def06.dir\Debug\vc141.pdb" /Gd /TC /analyze- /errorReport:queue "C:\Development\op3d_active\curl-7.70.0\msvc\CMakeFiles\CheckIncludeFiles\HAVE_RSA_H.c"
  HAVE_RSA_H.c
  
C:\Development\op3d_active\curl-7.70.0\msvc\CMakeFiles\CheckIncludeFiles\HAVE_RSA_H.c(15): fatal error C1083: Cannot open include file: 'rsa.h': No such file or directory [C:\Development\op3d_active\curl-7.70.0\msvc\CMakeFiles\CMakeTmp\cmTC_def06.vcxproj]

Source:
/* */
#include <windows.h>
#include <winsock.h>
#include <ws2tcpip.h>
#include <winsock2.h>
#include <stdio.h>
#include <sys/stat.h>
#include <sys/types.h>
#include <sys/utime.h>
#include <assert.h>
#include <errno.h>
#include <fcntl.h>
#include <io.h>
#include <locale.h>
#include <rsa.h>


int main(void){return 0;}

Determining if files windows.h;winsock.h;ws2tcpip.h;winsock2.h;stdio.h;sys/stat.h;sys/types.h;sys/utime.h;assert.h;errno.h;fcntl.h;io.h;locale.h;setjmp.h;signal.h;ssl.h exist failed with the following output:
Change Dir: C:/Development/op3d_active/curl-7.70.0/msvc/CMakeFiles/CMakeTmp

Run Build Command(s):C:/Program Files (x86)/Microsoft Visual Studio/2017/Enterprise/MSBuild/15.0/Bin/MSBuild.exe cmTC_91bee.vcxproj /p:Configuration=Debug /p:Platform=Win32 /p:VisualStudioVersion=15.0 /v:m 
Microsoft (R) Build Engine version 15.9.21+g9802d43bc3 for .NET Framework
Copyright (C) Microsoft Corporation. All rights reserved.

  Microsoft (R) C/C++ Optimizing Compiler Version 19.16.27038 for x86
  Copyright (C) Microsoft Corporation.  All rights reserved.
  
  cl /c /I"C:\Development\op3d_active\zlib-1.2.8" /I"C:\Program Files (x86)\Visual Leak Detector\include" /Zi /W3 /WX- /diagnostics:classic /Od /Ob0 /Oy- /D WIN32 /D _WINDOWS /D _WINSOCKAPI_= /D "CMAKE_INTDIR=\"Debug\"" /D _MBCS /Gm- /RTC1 /MDd /GS /fp:precise /Zc:wchar_t /Zc:forScope /Zc:inline /Fo"cmTC_91bee.dir\Debug\\" /Fd"cmTC_91bee.dir\Debug\vc141.pdb" /Gd /TC /analyze- /errorReport:queue "C:\Development\op3d_active\curl-7.70.0\msvc\CMakeFiles\CheckIncludeFiles\HAVE_SSL_H.c"
  HAVE_SSL_H.c
  
C:\Development\op3d_active\curl-7.70.0\msvc\CMakeFiles\CheckIncludeFiles\HAVE_SSL_H.c(17): fatal error C1083: Cannot open include file: 'ssl.h': No such file or directory [C:\Development\op3d_active\curl-7.70.0\msvc\CMakeFiles\CMakeTmp\cmTC_91bee.vcxproj]

Source:
/* */
#include <windows.h>
#include <winsock.h>
#include <ws2tcpip.h>
#include <winsock2.h>
#include <stdio.h>
#include <sys/stat.h>
#include <sys/types.h>
#include <sys/utime.h>
#include <assert.h>
#include <errno.h>
#include <fcntl.h>
#include <io.h>
#include <locale.h>
#include <setjmp.h>
#include <signal.h>
#include <ssl.h>


int main(void){return 0;}

Determining if files windows.h;winsock.h;ws2tcpip.h;winsock2.h;stdio.h;sys/stat.h;sys/types.h;sys/utime.h;assert.h;errno.h;fcntl.h;io.h;locale.h;setjmp.h;signal.h;stdbool.h;stdio.h;stdlib.h;string.h;stropts.h exist failed with the following output:
Change Dir: C:/Development/op3d_active/curl-7.70.0/msvc/CMakeFiles/CMakeTmp

Run Build Command(s):C:/Program Files (x86)/Microsoft Visual Studio/2017/Enterprise/MSBuild/15.0/Bin/MSBuild.exe cmTC_2c69a.vcxproj /p:Configuration=Debug /p:Platform=Win32 /p:VisualStudioVersion=15.0 /v:m 
Microsoft (R) Build Engine version 15.9.21+g9802d43bc3 for .NET Framework
Copyright (C) Microsoft Corporation. All rights reserved.

  Microsoft (R) C/C++ Optimizing Compiler Version 19.16.27038 for x86
  Copyright (C) Microsoft Corporation.  All rights reserved.
  
  cl /c /I"C:\Development\op3d_active\zlib-1.2.8" /I"C:\Program Files (x86)\Visual Leak Detector\include" /Zi /W3 /WX- /diagnostics:classic /Od /Ob0 /Oy- /D WIN32 /D _WINDOWS /D _WINSOCKAPI_= /D "CMAKE_INTDIR=\"Debug\"" /D _MBCS /Gm- /RTC1 /MDd /GS /fp:precise /Zc:wchar_t /Zc:forScope /Zc:inline /Fo"cmTC_2c69a.dir\Debug\\" /Fd"cmTC_2c69a.dir\Debug\vc141.pdb" /Gd /TC /analyze- /errorReport:queue "C:\Development\op3d_active\curl-7.70.0\msvc\CMakeFiles\CheckIncludeFiles\HAVE_STROPTS_H.c"
  HAVE_STROPTS_H.c
  
C:\Development\op3d_active\curl-7.70.0\msvc\CMakeFiles\CheckIncludeFiles\HAVE_STROPTS_H.c(21): fatal error C1083: Cannot open include file: 'stropts.h': No such file or directory [C:\Development\op3d_active\curl-7.70.0\msvc\CMakeFiles\CMakeTmp\cmTC_2c69a.vcxproj]

Source:
/* */
#include <windows.h>
#include <winsock.h>
#include <ws2tcpip.h>
#include <winsock2.h>
#include <stdio.h>
#include <sys/stat.h>
#include <sys/types.h>
#include <sys/utime.h>
#include <assert.h>
#include <errno.h>
#include <fcntl.h>
#include <io.h>
#include <locale.h>
#include <setjmp.h>
#include <signal.h>
#include <stdbool.h>
#include <stdio.h>
#include <stdlib.h>
#include <string.h>
#include <stropts.h>


int main(void){return 0;}

Determining if files windows.h;winsock.h;ws2tcpip.h;winsock2.h;stdio.h;sys/stat.h;sys/types.h;sys/utime.h;assert.h;errno.h;fcntl.h;io.h;locale.h;setjmp.h;signal.h;stdbool.h;stdio.h;stdlib.h;string.h;time.h;process.h;stddef.h;malloc.h;memory.h;sys/utsname.h exist failed with the following output:
Change Dir: C:/Development/op3d_active/curl-7.70.0/msvc/CMakeFiles/CMakeTmp

Run Build Command(s):C:/Program Files (x86)/Microsoft Visual Studio/2017/Enterprise/MSBuild/15.0/Bin/MSBuild.exe cmTC_71e27.vcxproj /p:Configuration=Debug /p:Platform=Win32 /p:VisualStudioVersion=15.0 /v:m 
Microsoft (R) Build Engine version 15.9.21+g9802d43bc3 for .NET Framework
Copyright (C) Microsoft Corporation. All rights reserved.

  Microsoft (R) C/C++ Optimizing Compiler Version 19.16.27038 for x86
  Copyright (C) Microsoft Corporation.  All rights reserved.
  
  cl /c /I"C:\Development\op3d_active\zlib-1.2.8" /I"C:\Program Files (x86)\Visual Leak Detector\include" /Zi /W3 /WX- /diagnostics:classic /Od /Ob0 /Oy- /D WIN32 /D _WINDOWS /D _WINSOCKAPI_= /D "CMAKE_INTDIR=\"Debug\"" /D _MBCS /Gm- /RTC1 /MDd /GS /fp:precise /Zc:wchar_t /Zc:forScope /Zc:inline /Fo"cmTC_71e27.dir\Debug\\" /Fd"cmTC_71e27.dir\Debug\vc141.pdb" /Gd /TC /analyze- /errorReport:queue "C:\Development\op3d_active\curl-7.70.0\msvc\CMakeFiles\CheckIncludeFiles\HAVE_SYS_UTSNAME_H.c"
  HAVE_SYS_UTSNAME_H.c
  
C:\Development\op3d_active\curl-7.70.0\msvc\CMakeFiles\CheckIncludeFiles\HAVE_SYS_UTSNAME_H.c(26): fatal error C1083: Cannot open include file: 'sys/utsname.h': No such file or directory [C:\Development\op3d_active\curl-7.70.0\msvc\CMakeFiles\CMakeTmp\cmTC_71e27.vcxproj]

Source:
/* */
#include <windows.h>
#include <winsock.h>
#include <ws2tcpip.h>
#include <winsock2.h>
#include <stdio.h>
#include <sys/stat.h>
#include <sys/types.h>
#include <sys/utime.h>
#include <assert.h>
#include <errno.h>
#include <fcntl.h>
#include <io.h>
#include <locale.h>
#include <setjmp.h>
#include <signal.h>
#include <stdbool.h>
#include <stdio.h>
#include <stdlib.h>
#include <string.h>
#include <time.h>
#include <process.h>
#include <stddef.h>
#include <malloc.h>
#include <memory.h>
#include <sys/utsname.h>


int main(void){return 0;}

Determining size of ssize_t failed with the following output:
Change Dir: C:/Development/op3d_active/curl-7.70.0/msvc/CMakeFiles/CMakeTmp

Run Build Command(s):C:/Program Files (x86)/Microsoft Visual Studio/2017/Enterprise/MSBuild/15.0/Bin/MSBuild.exe cmTC_4219b.vcxproj /p:Configuration=Debug /p:Platform=Win32 /p:VisualStudioVersion=15.0 /v:m 
Microsoft (R) Build Engine version 15.9.21+g9802d43bc3 for .NET Framework
Copyright (C) Microsoft Corporation. All rights reserved.

  Microsoft (R) C/C++ Optimizing Compiler Version 19.16.27038 for x86
  Copyright (C) Microsoft Corporation.  All rights reserved.
  
  cl /c /I"C:\Development\op3d_active\zlib-1.2.8" /I"C:\Program Files (x86)\Visual Leak Detector\include" /Zi /W3 /WX- /diagnostics:classic /Od /Ob0 /Oy- /D WIN32 /D _WINDOWS /D _WINSOCKAPI_= /D "CMAKE_INTDIR=\"Debug\"" /D _MBCS /Gm- /RTC1 /MDd /GS /fp:precise /Zc:wchar_t /Zc:forScope /Zc:inline /Fo"cmTC_4219b.dir\Debug\\" /Fd"cmTC_4219b.dir\Debug\vc141.pdb" /Gd /TC /analyze- /errorReport:queue "C:\Development\op3d_active\curl-7.70.0\msvc\CMakeFiles\CheckTypeSize\SIZEOF_SSIZE_T.c"
  SIZEOF_SSIZE_T.c
  
C:\Development\op3d_active\curl-7.70.0\msvc\CMakeFiles\CheckTypeSize\SIZEOF_SSIZE_T.c(24): error C2065: 'ssize_t': undeclared identifier [C:\Development\op3d_active\curl-7.70.0\msvc\CMakeFiles\CMakeTmp\cmTC_4219b.vcxproj]
C:\Development\op3d_active\curl-7.70.0\msvc\CMakeFiles\CheckTypeSize\SIZEOF_SSIZE_T.c(25): error C2065: 'ssize_t': undeclared identifier [C:\Development\op3d_active\curl-7.70.0\msvc\CMakeFiles\CMakeTmp\cmTC_4219b.vcxproj]
C:\Development\op3d_active\curl-7.70.0\msvc\CMakeFiles\CheckTypeSize\SIZEOF_SSIZE_T.c(26): error C2065: 'ssize_t': undeclared identifier [C:\Development\op3d_active\curl-7.70.0\msvc\CMakeFiles\CMakeTmp\cmTC_4219b.vcxproj]
C:\Development\op3d_active\curl-7.70.0\msvc\CMakeFiles\CheckTypeSize\SIZEOF_SSIZE_T.c(27): error C2065: 'ssize_t': undeclared identifier [C:\Development\op3d_active\curl-7.70.0\msvc\CMakeFiles\CMakeTmp\cmTC_4219b.vcxproj]
C:\Development\op3d_active\curl-7.70.0\msvc\CMakeFiles\CheckTypeSize\SIZEOF_SSIZE_T.c(28): error C2065: 'ssize_t': undeclared identifier [C:\Development\op3d_active\curl-7.70.0\msvc\CMakeFiles\CMakeTmp\cmTC_4219b.vcxproj]

C:/Development/op3d_active/curl-7.70.0/msvc/CMakeFiles/CheckTypeSize/SIZEOF_SSIZE_T.c:
#include <sys/types.h>
#include <stddef.h>


#undef KEY
#if defined(__i386)
# define KEY '_','_','i','3','8','6'
#elif defined(__x86_64)
# define KEY '_','_','x','8','6','_','6','4'
#elif defined(__ppc__)
# define KEY '_','_','p','p','c','_','_'
#elif defined(__ppc64__)
# define KEY '_','_','p','p','c','6','4','_','_'
#elif defined(__aarch64__)
# define KEY '_','_','a','a','r','c','h','6','4','_','_'
#elif defined(__ARM_ARCH_7A__)
# define KEY '_','_','A','R','M','_','A','R','C','H','_','7','A','_','_'
#elif defined(__ARM_ARCH_7S__)
# define KEY '_','_','A','R','M','_','A','R','C','H','_','7','S','_','_'
#endif

#define SIZE (sizeof(ssize_t))
char info_size[] =  {'I', 'N', 'F', 'O', ':', 's','i','z','e','[',
  ('0' + ((SIZE / 10000)%10)),
  ('0' + ((SIZE / 1000)%10)),
  ('0' + ((SIZE / 100)%10)),
  ('0' + ((SIZE / 10)%10)),
  ('0' +  (SIZE    % 10)),
  ']',
#ifdef KEY
  ' ','k','e','y','[', KEY, ']',
#endif
  '\0'};

#ifdef __CLASSIC_C__
int main(argc, argv) int argc; char *argv[];
#else
int main(int argc, char *argv[])
#endif
{
  int require = 0;
  require += info_size[argc];
  (void)argv;
  return require;
}


Determining if the basename exist failed with the following output:
Change Dir: C:/Development/op3d_active/curl-7.70.0/msvc/CMakeFiles/CMakeTmp

Run Build Command(s):C:/Program Files (x86)/Microsoft Visual Studio/2017/Enterprise/MSBuild/15.0/Bin/MSBuild.exe cmTC_120cb.vcxproj /p:Configuration=Debug /p:Platform=Win32 /p:VisualStudioVersion=15.0 /v:m 
Microsoft (R) Build Engine version 15.9.21+g9802d43bc3 for .NET Framework
Copyright (C) Microsoft Corporation. All rights reserved.

  Microsoft (R) C/C++ Optimizing Compiler Version 19.16.27038 for x86
  Copyright (C) Microsoft Corporation.  All rights reserved.
  
  cl /c /I"C:\Development\op3d_active\zlib-1.2.8" /I"C:\Program Files (x86)\Visual Leak Detector\include" /Zi /W3 /WX- /diagnostics:classic /Od /Ob0 /Oy- /D WIN32 /D _WINDOWS /D _WINSOCKAPI_= /D "CMAKE_INTDIR=\"Debug\"" /D _MBCS /Gm- /RTC1 /MDd /GS /fp:precise /Zc:wchar_t /Zc:forScope /Zc:inline /Fo"cmTC_120cb.dir\Debug\\" /Fd"cmTC_120cb.dir\Debug\vc141.pdb" /Gd /TC /analyze- /errorReport:queue "C:\Development\op3d_active\curl-7.70.0\msvc\CMakeFiles\CMakeTmp\CheckSymbolExists.c"
  CheckSymbolExists.c
  
C:\Development\op3d_active\curl-7.70.0\msvc\CMakeFiles\CMakeTmp\CheckSymbolExists.c(31): error C2065: 'basename': undeclared identifier [C:\Development\op3d_active\curl-7.70.0\msvc\CMakeFiles\CMakeTmp\cmTC_120cb.vcxproj]

File C:/Development/op3d_active/curl-7.70.0/msvc/CMakeFiles/CMakeTmp/CheckSymbolExists.c:
/* */
#include <windows.h>
#include <winsock.h>
#include <ws2tcpip.h>
#include <winsock2.h>
#include <stdio.h>
#include <sys/stat.h>
#include <sys/types.h>
#include <sys/utime.h>
#include <assert.h>
#include <errno.h>
#include <fcntl.h>
#include <io.h>
#include <locale.h>
#include <setjmp.h>
#include <signal.h>
#include <stdbool.h>
#include <stdio.h>
#include <stdlib.h>
#include <string.h>
#include <time.h>
#include <process.h>
#include <stddef.h>
#include <malloc.h>
#include <memory.h>

int main(int argc, char** argv)
{
  (void)argv;
#ifndef basename
  return ((int*)(&basename))[argc];
#else
  (void)argc;
  return 0;
#endif
}

Determining if the strncmpi exist failed with the following output:
Change Dir: C:/Development/op3d_active/curl-7.70.0/msvc/CMakeFiles/CMakeTmp

Run Build Command(s):C:/Program Files (x86)/Microsoft Visual Studio/2017/Enterprise/MSBuild/15.0/Bin/MSBuild.exe cmTC_45bbd.vcxproj /p:Configuration=Debug /p:Platform=Win32 /p:VisualStudioVersion=15.0 /v:m 
Microsoft (R) Build Engine version 15.9.21+g9802d43bc3 for .NET Framework
Copyright (C) Microsoft Corporation. All rights reserved.

  Microsoft (R) C/C++ Optimizing Compiler Version 19.16.27038 for x86
  Copyright (C) Microsoft Corporation.  All rights reserved.
  
  cl /c /I"C:\Development\op3d_active\zlib-1.2.8" /I"C:\Program Files (x86)\Visual Leak Detector\include" /Zi /W3 /WX- /diagnostics:classic /Od /Ob0 /Oy- /D WIN32 /D _WINDOWS /D _WINSOCKAPI_= /D "CMAKE_INTDIR=\"Debug\"" /D _MBCS /Gm- /RTC1 /MDd /GS /fp:precise /Zc:wchar_t /Zc:forScope /Zc:inline /Fo"cmTC_45bbd.dir\Debug\\" /Fd"cmTC_45bbd.dir\Debug\vc141.pdb" /Gd /TC /analyze- /errorReport:queue "C:\Development\op3d_active\curl-7.70.0\msvc\CMakeFiles\CMakeTmp\CheckSymbolExists.c"
  CheckSymbolExists.c
  
C:\Development\op3d_active\curl-7.70.0\msvc\CMakeFiles\CMakeTmp\CheckSymbolExists.c(31): error C2065: 'strncmpi': undeclared identifier [C:\Development\op3d_active\curl-7.70.0\msvc\CMakeFiles\CMakeTmp\cmTC_45bbd.vcxproj]

File C:/Development/op3d_active/curl-7.70.0/msvc/CMakeFiles/CMakeTmp/CheckSymbolExists.c:
/* */
#include <windows.h>
#include <winsock.h>
#include <ws2tcpip.h>
#include <winsock2.h>
#include <stdio.h>
#include <sys/stat.h>
#include <sys/types.h>
#include <sys/utime.h>
#include <assert.h>
#include <errno.h>
#include <fcntl.h>
#include <io.h>
#include <locale.h>
#include <setjmp.h>
#include <signal.h>
#include <stdbool.h>
#include <stdio.h>
#include <stdlib.h>
#include <string.h>
#include <time.h>
#include <process.h>
#include <stddef.h>
#include <malloc.h>
#include <memory.h>

int main(int argc, char** argv)
{
  (void)argv;
#ifndef strncmpi
  return ((int*)(&strncmpi))[argc];
#else
  (void)argc;
  return 0;
#endif
}

Determining if the alarm exist failed with the following output:
Change Dir: C:/Development/op3d_active/curl-7.70.0/msvc/CMakeFiles/CMakeTmp

Run Build Command(s):C:/Program Files (x86)/Microsoft Visual Studio/2017/Enterprise/MSBuild/15.0/Bin/MSBuild.exe cmTC_39a2c.vcxproj /p:Configuration=Debug /p:Platform=Win32 /p:VisualStudioVersion=15.0 /v:m 
Microsoft (R) Build Engine version 15.9.21+g9802d43bc3 for .NET Framework
Copyright (C) Microsoft Corporation. All rights reserved.

  Microsoft (R) C/C++ Optimizing Compiler Version 19.16.27038 for x86
  Copyright (C) Microsoft Corporation.  All rights reserved.
  
  cl /c /I"C:\Development\op3d_active\zlib-1.2.8" /I"C:\Program Files (x86)\Visual Leak Detector\include" /Zi /W3 /WX- /diagnostics:classic /Od /Ob0 /Oy- /D WIN32 /D _WINDOWS /D _WINSOCKAPI_= /D "CMAKE_INTDIR=\"Debug\"" /D _MBCS /Gm- /RTC1 /MDd /GS /fp:precise /Zc:wchar_t /Zc:forScope /Zc:inline /Fo"cmTC_39a2c.dir\Debug\\" /Fd"cmTC_39a2c.dir\Debug\vc141.pdb" /Gd /TC /analyze- /errorReport:queue "C:\Development\op3d_active\curl-7.70.0\msvc\CMakeFiles\CMakeTmp\CheckSymbolExists.c"
  CheckSymbolExists.c
  
C:\Development\op3d_active\curl-7.70.0\msvc\CMakeFiles\CMakeTmp\CheckSymbolExists.c(31): error C2065: 'alarm': undeclared identifier [C:\Development\op3d_active\curl-7.70.0\msvc\CMakeFiles\CMakeTmp\cmTC_39a2c.vcxproj]

File C:/Development/op3d_active/curl-7.70.0/msvc/CMakeFiles/CMakeTmp/CheckSymbolExists.c:
/* */
#include <windows.h>
#include <winsock.h>
#include <ws2tcpip.h>
#include <winsock2.h>
#include <stdio.h>
#include <sys/stat.h>
#include <sys/types.h>
#include <sys/utime.h>
#include <assert.h>
#include <errno.h>
#include <fcntl.h>
#include <io.h>
#include <locale.h>
#include <setjmp.h>
#include <signal.h>
#include <stdbool.h>
#include <stdio.h>
#include <stdlib.h>
#include <string.h>
#include <time.h>
#include <process.h>
#include <stddef.h>
#include <malloc.h>
#include <memory.h>

int main(int argc, char** argv)
{
  (void)argv;
#ifndef alarm
  return ((int*)(&alarm))[argc];
#else
  (void)argc;
  return 0;
#endif
}

Determining if the getpwuid_r exist failed with the following output:
Change Dir: C:/Development/op3d_active/curl-7.70.0/msvc/CMakeFiles/CMakeTmp

Run Build Command(s):C:/Program Files (x86)/Microsoft Visual Studio/2017/Enterprise/MSBuild/15.0/Bin/MSBuild.exe cmTC_6173b.vcxproj /p:Configuration=Debug /p:Platform=Win32 /p:VisualStudioVersion=15.0 /v:m 
Microsoft (R) Build Engine version 15.9.21+g9802d43bc3 for .NET Framework
Copyright (C) Microsoft Corporation. All rights reserved.

  Microsoft (R) C/C++ Optimizing Compiler Version 19.16.27038 for x86
  Copyright (C) Microsoft Corporation.  All rights reserved.
  
  cl /c /I"C:\Development\op3d_active\zlib-1.2.8" /I"C:\Program Files (x86)\Visual Leak Detector\include" /Zi /W3 /WX- /diagnostics:classic /Od /Ob0 /Oy- /D WIN32 /D _WINDOWS /D _WINSOCKAPI_= /D "CMAKE_INTDIR=\"Debug\"" /D _MBCS /Gm- /RTC1 /MDd /GS /fp:precise /Zc:wchar_t /Zc:forScope /Zc:inline /Fo"cmTC_6173b.dir\Debug\\" /Fd"cmTC_6173b.dir\Debug\vc141.pdb" /Gd /TC /analyze- /errorReport:queue "C:\Development\op3d_active\curl-7.70.0\msvc\CMakeFiles\CMakeTmp\CheckSymbolExists.c"
  CheckSymbolExists.c
  
C:\Development\op3d_active\curl-7.70.0\msvc\CMakeFiles\CMakeTmp\CheckSymbolExists.c(31): error C2065: 'getpwuid_r': undeclared identifier [C:\Development\op3d_active\curl-7.70.0\msvc\CMakeFiles\CMakeTmp\cmTC_6173b.vcxproj]

File C:/Development/op3d_active/curl-7.70.0/msvc/CMakeFiles/CMakeTmp/CheckSymbolExists.c:
/* */
#include <windows.h>
#include <winsock.h>
#include <ws2tcpip.h>
#include <winsock2.h>
#include <stdio.h>
#include <sys/stat.h>
#include <sys/types.h>
#include <sys/utime.h>
#include <assert.h>
#include <errno.h>
#include <fcntl.h>
#include <io.h>
#include <locale.h>
#include <setjmp.h>
#include <signal.h>
#include <stdbool.h>
#include <stdio.h>
#include <stdlib.h>
#include <string.h>
#include <time.h>
#include <process.h>
#include <stddef.h>
#include <malloc.h>
#include <memory.h>

int main(int argc, char** argv)
{
  (void)argv;
#ifndef getpwuid_r
  return ((int*)(&getpwuid_r))[argc];
#else
  (void)argc;
  return 0;
#endif
}

Determining if the usleep exist failed with the following output:
Change Dir: C:/Development/op3d_active/curl-7.70.0/msvc/CMakeFiles/CMakeTmp

Run Build Command(s):C:/Program Files (x86)/Microsoft Visual Studio/2017/Enterprise/MSBuild/15.0/Bin/MSBuild.exe cmTC_65efe.vcxproj /p:Configuration=Debug /p:Platform=Win32 /p:VisualStudioVersion=15.0 /v:m 
Microsoft (R) Build Engine version 15.9.21+g9802d43bc3 for .NET Framework
Copyright (C) Microsoft Corporation. All rights reserved.

  Microsoft (R) C/C++ Optimizing Compiler Version 19.16.27038 for x86
  Copyright (C) Microsoft Corporation.  All rights reserved.
  
  cl /c /I"C:\Development\op3d_active\zlib-1.2.8" /I"C:\Program Files (x86)\Visual Leak Detector\include" /Zi /W3 /WX- /diagnostics:classic /Od /Ob0 /Oy- /D WIN32 /D _WINDOWS /D _WINSOCKAPI_= /D "CMAKE_INTDIR=\"Debug\"" /D _MBCS /Gm- /RTC1 /MDd /GS /fp:precise /Zc:wchar_t /Zc:forScope /Zc:inline /Fo"cmTC_65efe.dir\Debug\\" /Fd"cmTC_65efe.dir\Debug\vc141.pdb" /Gd /TC /analyze- /errorReport:queue "C:\Development\op3d_active\curl-7.70.0\msvc\CMakeFiles\CMakeTmp\CheckSymbolExists.c"
  CheckSymbolExists.c
  
C:\Development\op3d_active\curl-7.70.0\msvc\CMakeFiles\CMakeTmp\CheckSymbolExists.c(31): error C2065: 'usleep': undeclared identifier [C:\Development\op3d_active\curl-7.70.0\msvc\CMakeFiles\CMakeTmp\cmTC_65efe.vcxproj]

File C:/Development/op3d_active/curl-7.70.0/msvc/CMakeFiles/CMakeTmp/CheckSymbolExists.c:
/* */
#include <windows.h>
#include <winsock.h>
#include <ws2tcpip.h>
#include <winsock2.h>
#include <stdio.h>
#include <sys/stat.h>
#include <sys/types.h>
#include <sys/utime.h>
#include <assert.h>
#include <errno.h>
#include <fcntl.h>
#include <io.h>
#include <locale.h>
#include <setjmp.h>
#include <signal.h>
#include <stdbool.h>
#include <stdio.h>
#include <stdlib.h>
#include <string.h>
#include <time.h>
#include <process.h>
#include <stddef.h>
#include <malloc.h>
#include <memory.h>

int main(int argc, char** argv)
{
  (void)argv;
#ifndef usleep
  return ((int*)(&usleep))[argc];
#else
  (void)argc;
  return 0;
#endif
}

Determining if the strerror_r exist failed with the following output:
Change Dir: C:/Development/op3d_active/curl-7.70.0/msvc/CMakeFiles/CMakeTmp

Run Build Command(s):C:/Program Files (x86)/Microsoft Visual Studio/2017/Enterprise/MSBuild/15.0/Bin/MSBuild.exe cmTC_82c2d.vcxproj /p:Configuration=Debug /p:Platform=Win32 /p:VisualStudioVersion=15.0 /v:m 
Microsoft (R) Build Engine version 15.9.21+g9802d43bc3 for .NET Framework
Copyright (C) Microsoft Corporation. All rights reserved.

  Microsoft (R) C/C++ Optimizing Compiler Version 19.16.27038 for x86
  Copyright (C) Microsoft Corporation.  All rights reserved.
  
  cl /c /I"C:\Development\op3d_active\zlib-1.2.8" /I"C:\Program Files (x86)\Visual Leak Detector\include" /Zi /W3 /WX- /diagnostics:classic /Od /Ob0 /Oy- /D WIN32 /D _WINDOWS /D _WINSOCKAPI_= /D "CMAKE_INTDIR=\"Debug\"" /D _MBCS /Gm- /RTC1 /MDd /GS /fp:precise /Zc:wchar_t /Zc:forScope /Zc:inline /Fo"cmTC_82c2d.dir\Debug\\" /Fd"cmTC_82c2d.dir\Debug\vc141.pdb" /Gd /TC /analyze- /errorReport:queue "C:\Development\op3d_active\curl-7.70.0\msvc\CMakeFiles\CMakeTmp\CheckSymbolExists.c"
  CheckSymbolExists.c
  
C:\Development\op3d_active\curl-7.70.0\msvc\CMakeFiles\CMakeTmp\CheckSymbolExists.c(31): error C2065: 'strerror_r': undeclared identifier [C:\Development\op3d_active\curl-7.70.0\msvc\CMakeFiles\CMakeTmp\cmTC_82c2d.vcxproj]

File C:/Development/op3d_active/curl-7.70.0/msvc/CMakeFiles/CMakeTmp/CheckSymbolExists.c:
/* */
#include <windows.h>
#include <winsock.h>
#include <ws2tcpip.h>
#include <winsock2.h>
#include <stdio.h>
#include <sys/stat.h>
#include <sys/types.h>
#include <sys/utime.h>
#include <assert.h>
#include <errno.h>
#include <fcntl.h>
#include <io.h>
#include <locale.h>
#include <setjmp.h>
#include <signal.h>
#include <stdbool.h>
#include <stdio.h>
#include <stdlib.h>
#include <string.h>
#include <time.h>
#include <process.h>
#include <stddef.h>
#include <malloc.h>
#include <memory.h>

int main(int argc, char** argv)
{
  (void)argv;
#ifndef strerror_r
  return ((int*)(&strerror_r))[argc];
#else
  (void)argc;
  return 0;
#endif
}

Determining if the siginterrupt exist failed with the following output:
Change Dir: C:/Development/op3d_active/curl-7.70.0/msvc/CMakeFiles/CMakeTmp

Run Build Command(s):C:/Program Files (x86)/Microsoft Visual Studio/2017/Enterprise/MSBuild/15.0/Bin/MSBuild.exe cmTC_603a1.vcxproj /p:Configuration=Debug /p:Platform=Win32 /p:VisualStudioVersion=15.0 /v:m 
Microsoft (R) Build Engine version 15.9.21+g9802d43bc3 for .NET Framework
Copyright (C) Microsoft Corporation. All rights reserved.

  Microsoft (R) C/C++ Optimizing Compiler Version 19.16.27038 for x86
  Copyright (C) Microsoft Corporation.  All rights reserved.
  
  cl /c /I"C:\Development\op3d_active\zlib-1.2.8" /I"C:\Program Files (x86)\Visual Leak Detector\include" /Zi /W3 /WX- /diagnostics:classic /Od /Ob0 /Oy- /D WIN32 /D _WINDOWS /D _WINSOCKAPI_= /D "CMAKE_INTDIR=\"Debug\"" /D _MBCS /Gm- /RTC1 /MDd /GS /fp:precise /Zc:wchar_t /Zc:forScope /Zc:inline /Fo"cmTC_603a1.dir\Debug\\" /Fd"cmTC_603a1.dir\Debug\vc141.pdb" /Gd /TC /analyze- /errorReport:queue "C:\Development\op3d_active\curl-7.70.0\msvc\CMakeFiles\CMakeTmp\CheckSymbolExists.c"
  CheckSymbolExists.c
  
C:\Development\op3d_active\curl-7.70.0\msvc\CMakeFiles\CMakeTmp\CheckSymbolExists.c(31): error C2065: 'siginterrupt': undeclared identifier [C:\Development\op3d_active\curl-7.70.0\msvc\CMakeFiles\CMakeTmp\cmTC_603a1.vcxproj]

File C:/Development/op3d_active/curl-7.70.0/msvc/CMakeFiles/CMakeTmp/CheckSymbolExists.c:
/* */
#include <windows.h>
#include <winsock.h>
#include <ws2tcpip.h>
#include <winsock2.h>
#include <stdio.h>
#include <sys/stat.h>
#include <sys/types.h>
#include <sys/utime.h>
#include <assert.h>
#include <errno.h>
#include <fcntl.h>
#include <io.h>
#include <locale.h>
#include <setjmp.h>
#include <signal.h>
#include <stdbool.h>
#include <stdio.h>
#include <stdlib.h>
#include <string.h>
#include <time.h>
#include <process.h>
#include <stddef.h>
#include <malloc.h>
#include <memory.h>

int main(int argc, char** argv)
{
  (void)argv;
#ifndef siginterrupt
  return ((int*)(&siginterrupt))[argc];
#else
  (void)argc;
  return 0;
#endif
}

Determining if the fork exist failed with the following output:
Change Dir: C:/Development/op3d_active/curl-7.70.0/msvc/CMakeFiles/CMakeTmp

Run Build Command(s):C:/Program Files (x86)/Microsoft Visual Studio/2017/Enterprise/MSBuild/15.0/Bin/MSBuild.exe cmTC_21fae.vcxproj /p:Configuration=Debug /p:Platform=Win32 /p:VisualStudioVersion=15.0 /v:m 
Microsoft (R) Build Engine version 15.9.21+g9802d43bc3 for .NET Framework
Copyright (C) Microsoft Corporation. All rights reserved.

  Microsoft (R) C/C++ Optimizing Compiler Version 19.16.27038 for x86
  Copyright (C) Microsoft Corporation.  All rights reserved.
  
  cl /c /I"C:\Development\op3d_active\zlib-1.2.8" /I"C:\Program Files (x86)\Visual Leak Detector\include" /Zi /W3 /WX- /diagnostics:classic /Od /Ob0 /Oy- /D WIN32 /D _WINDOWS /D _WINSOCKAPI_= /D "CMAKE_INTDIR=\"Debug\"" /D _MBCS /Gm- /RTC1 /MDd /GS /fp:precise /Zc:wchar_t /Zc:forScope /Zc:inline /Fo"cmTC_21fae.dir\Debug\\" /Fd"cmTC_21fae.dir\Debug\vc141.pdb" /Gd /TC /analyze- /errorReport:queue "C:\Development\op3d_active\curl-7.70.0\msvc\CMakeFiles\CMakeTmp\CheckSymbolExists.c"
  CheckSymbolExists.c
  
C:\Development\op3d_active\curl-7.70.0\msvc\CMakeFiles\CMakeTmp\CheckSymbolExists.c(31): error C2065: 'fork': undeclared identifier [C:\Development\op3d_active\curl-7.70.0\msvc\CMakeFiles\CMakeTmp\cmTC_21fae.vcxproj]

File C:/Development/op3d_active/curl-7.70.0/msvc/CMakeFiles/CMakeTmp/CheckSymbolExists.c:
/* */
#include <windows.h>
#include <winsock.h>
#include <ws2tcpip.h>
#include <winsock2.h>
#include <stdio.h>
#include <sys/stat.h>
#include <sys/types.h>
#include <sys/utime.h>
#include <assert.h>
#include <errno.h>
#include <fcntl.h>
#include <io.h>
#include <locale.h>
#include <setjmp.h>
#include <signal.h>
#include <stdbool.h>
#include <stdio.h>
#include <stdlib.h>
#include <string.h>
#include <time.h>
#include <process.h>
#include <stddef.h>
#include <malloc.h>
#include <memory.h>

int main(int argc, char** argv)
{
  (void)argv;
#ifndef fork
  return ((int*)(&fork))[argc];
#else
  (void)argc;
  return 0;
#endif
}

Determining if the freeifaddrs exist failed with the following output:
Change Dir: C:/Development/op3d_active/curl-7.70.0/msvc/CMakeFiles/CMakeTmp

Run Build Command(s):C:/Program Files (x86)/Microsoft Visual Studio/2017/Enterprise/MSBuild/15.0/Bin/MSBuild.exe cmTC_e572d.vcxproj /p:Configuration=Debug /p:Platform=Win32 /p:VisualStudioVersion=15.0 /v:m 
Microsoft (R) Build Engine version 15.9.21+g9802d43bc3 for .NET Framework
Copyright (C) Microsoft Corporation. All rights reserved.

  Microsoft (R) C/C++ Optimizing Compiler Version 19.16.27038 for x86
  Copyright (C) Microsoft Corporation.  All rights reserved.
  
  cl /c /I"C:\Development\op3d_active\zlib-1.2.8" /I"C:\Program Files (x86)\Visual Leak Detector\include" /Zi /W3 /WX- /diagnostics:classic /Od /Ob0 /Oy- /D WIN32 /D _WINDOWS /D _WINSOCKAPI_= /D "CMAKE_INTDIR=\"Debug\"" /D _MBCS /Gm- /RTC1 /MDd /GS /fp:precise /Zc:wchar_t /Zc:forScope /Zc:inline /Fo"cmTC_e572d.dir\Debug\\" /Fd"cmTC_e572d.dir\Debug\vc141.pdb" /Gd /TC /analyze- /errorReport:queue "C:\Development\op3d_active\curl-7.70.0\msvc\CMakeFiles\CMakeTmp\CheckSymbolExists.c"
  CheckSymbolExists.c
  
C:\Development\op3d_active\curl-7.70.0\msvc\CMakeFiles\CMakeTmp\CheckSymbolExists.c(31): error C2065: 'freeifaddrs': undeclared identifier [C:\Development\op3d_active\curl-7.70.0\msvc\CMakeFiles\CMakeTmp\cmTC_e572d.vcxproj]

File C:/Development/op3d_active/curl-7.70.0/msvc/CMakeFiles/CMakeTmp/CheckSymbolExists.c:
/* */
#include <windows.h>
#include <winsock.h>
#include <ws2tcpip.h>
#include <winsock2.h>
#include <stdio.h>
#include <sys/stat.h>
#include <sys/types.h>
#include <sys/utime.h>
#include <assert.h>
#include <errno.h>
#include <fcntl.h>
#include <io.h>
#include <locale.h>
#include <setjmp.h>
#include <signal.h>
#include <stdbool.h>
#include <stdio.h>
#include <stdlib.h>
#include <string.h>
#include <time.h>
#include <process.h>
#include <stddef.h>
#include <malloc.h>
#include <memory.h>

int main(int argc, char** argv)
{
  (void)argv;
#ifndef freeifaddrs
  return ((int*)(&freeifaddrs))[argc];
#else
  (void)argc;
  return 0;
#endif
}

Determining if the pipe exist failed with the following output:
Change Dir: C:/Development/op3d_active/curl-7.70.0/msvc/CMakeFiles/CMakeTmp

Run Build Command(s):C:/Program Files (x86)/Microsoft Visual Studio/2017/Enterprise/MSBuild/15.0/Bin/MSBuild.exe cmTC_23584.vcxproj /p:Configuration=Debug /p:Platform=Win32 /p:VisualStudioVersion=15.0 /v:m 
Microsoft (R) Build Engine version 15.9.21+g9802d43bc3 for .NET Framework
Copyright (C) Microsoft Corporation. All rights reserved.

  Microsoft (R) C/C++ Optimizing Compiler Version 19.16.27038 for x86
  Copyright (C) Microsoft Corporation.  All rights reserved.
  
  cl /c /I"C:\Development\op3d_active\zlib-1.2.8" /I"C:\Program Files (x86)\Visual Leak Detector\include" /Zi /W3 /WX- /diagnostics:classic /Od /Ob0 /Oy- /D WIN32 /D _WINDOWS /D _WINSOCKAPI_= /D "CMAKE_INTDIR=\"Debug\"" /D _MBCS /Gm- /RTC1 /MDd /GS /fp:precise /Zc:wchar_t /Zc:forScope /Zc:inline /Fo"cmTC_23584.dir\Debug\\" /Fd"cmTC_23584.dir\Debug\vc141.pdb" /Gd /TC /analyze- /errorReport:queue "C:\Development\op3d_active\curl-7.70.0\msvc\CMakeFiles\CMakeTmp\CheckSymbolExists.c"
  CheckSymbolExists.c
  
C:\Development\op3d_active\curl-7.70.0\msvc\CMakeFiles\CMakeTmp\CheckSymbolExists.c(31): error C2065: 'pipe': undeclared identifier [C:\Development\op3d_active\curl-7.70.0\msvc\CMakeFiles\CMakeTmp\cmTC_23584.vcxproj]

File C:/Development/op3d_active/curl-7.70.0/msvc/CMakeFiles/CMakeTmp/CheckSymbolExists.c:
/* */
#include <windows.h>
#include <winsock.h>
#include <ws2tcpip.h>
#include <winsock2.h>
#include <stdio.h>
#include <sys/stat.h>
#include <sys/types.h>
#include <sys/utime.h>
#include <assert.h>
#include <errno.h>
#include <fcntl.h>
#include <io.h>
#include <locale.h>
#include <setjmp.h>
#include <signal.h>
#include <stdbool.h>
#include <stdio.h>
#include <stdlib.h>
#include <string.h>
#include <time.h>
#include <process.h>
#include <stddef.h>
#include <malloc.h>
#include <memory.h>

int main(int argc, char** argv)
{
  (void)argv;
#ifndef pipe
  return ((int*)(&pipe))[argc];
#else
  (void)argc;
  return 0;
#endif
}

Determining if the ftruncate exist failed with the following output:
Change Dir: C:/Development/op3d_active/curl-7.70.0/msvc/CMakeFiles/CMakeTmp

Run Build Command(s):C:/Program Files (x86)/Microsoft Visual Studio/2017/Enterprise/MSBuild/15.0/Bin/MSBuild.exe cmTC_6e25c.vcxproj /p:Configuration=Debug /p:Platform=Win32 /p:VisualStudioVersion=15.0 /v:m 
Microsoft (R) Build Engine version 15.9.21+g9802d43bc3 for .NET Framework
Copyright (C) Microsoft Corporation. All rights reserved.

  Microsoft (R) C/C++ Optimizing Compiler Version 19.16.27038 for x86
  Copyright (C) Microsoft Corporation.  All rights reserved.
  
  cl /c /I"C:\Development\op3d_active\zlib-1.2.8" /I"C:\Program Files (x86)\Visual Leak Detector\include" /Zi /W3 /WX- /diagnostics:classic /Od /Ob0 /Oy- /D WIN32 /D _WINDOWS /D _WINSOCKAPI_= /D "CMAKE_INTDIR=\"Debug\"" /D _MBCS /Gm- /RTC1 /MDd /GS /fp:precise /Zc:wchar_t /Zc:forScope /Zc:inline /Fo"cmTC_6e25c.dir\Debug\\" /Fd"cmTC_6e25c.dir\Debug\vc141.pdb" /Gd /TC /analyze- /errorReport:queue "C:\Development\op3d_active\curl-7.70.0\msvc\CMakeFiles\CMakeTmp\CheckSymbolExists.c"
  CheckSymbolExists.c
  
C:\Development\op3d_active\curl-7.70.0\msvc\CMakeFiles\CMakeTmp\CheckSymbolExists.c(31): error C2065: 'ftruncate': undeclared identifier [C:\Development\op3d_active\curl-7.70.0\msvc\CMakeFiles\CMakeTmp\cmTC_6e25c.vcxproj]

File C:/Development/op3d_active/curl-7.70.0/msvc/CMakeFiles/CMakeTmp/CheckSymbolExists.c:
/* */
#include <windows.h>
#include <winsock.h>
#include <ws2tcpip.h>
#include <winsock2.h>
#include <stdio.h>
#include <sys/stat.h>
#include <sys/types.h>
#include <sys/utime.h>
#include <assert.h>
#include <errno.h>
#include <fcntl.h>
#include <io.h>
#include <locale.h>
#include <setjmp.h>
#include <signal.h>
#include <stdbool.h>
#include <stdio.h>
#include <stdlib.h>
#include <string.h>
#include <time.h>
#include <process.h>
#include <stddef.h>
#include <malloc.h>
#include <memory.h>

int main(int argc, char** argv)
{
  (void)argv;
#ifndef ftruncate
  return ((int*)(&ftruncate))[argc];
#else
  (void)argc;
  return 0;
#endif
}

Determining if the if_nametoindex exist failed with the following output:
Change Dir: C:/Development/op3d_active/curl-7.70.0/msvc/CMakeFiles/CMakeTmp

Run Build Command(s):C:/Program Files (x86)/Microsoft Visual Studio/2017/Enterprise/MSBuild/15.0/Bin/MSBuild.exe cmTC_37b06.vcxproj /p:Configuration=Debug /p:Platform=Win32 /p:VisualStudioVersion=15.0 /v:m 
Microsoft (R) Build Engine version 15.9.21+g9802d43bc3 for .NET Framework
Copyright (C) Microsoft Corporation. All rights reserved.

  Microsoft (R) C/C++ Optimizing Compiler Version 19.16.27038 for x86
  Copyright (C) Microsoft Corporation.  All rights reserved.
  
  cl /c /I"C:\Development\op3d_active\zlib-1.2.8" /I"C:\Program Files (x86)\Visual Leak Detector\include" /Zi /W3 /WX- /diagnostics:classic /Od /Ob0 /Oy- /D WIN32 /D _WINDOWS /D _WINSOCKAPI_= /D "CMAKE_INTDIR=\"Debug\"" /D _MBCS /Gm- /RTC1 /MDd /GS /fp:precise /Zc:wchar_t /Zc:forScope /Zc:inline /Fo"cmTC_37b06.dir\Debug\\" /Fd"cmTC_37b06.dir\Debug\vc141.pdb" /Gd /TC /analyze- /errorReport:queue "C:\Development\op3d_active\curl-7.70.0\msvc\CMakeFiles\CMakeTmp\CheckSymbolExists.c"
  CheckSymbolExists.c
  
C:\Development\op3d_active\curl-7.70.0\msvc\CMakeFiles\CMakeTmp\CheckSymbolExists.c(31): error C2065: 'if_nametoindex': undeclared identifier [C:\Development\op3d_active\curl-7.70.0\msvc\CMakeFiles\CMakeTmp\cmTC_37b06.vcxproj]

File C:/Development/op3d_active/curl-7.70.0/msvc/CMakeFiles/CMakeTmp/CheckSymbolExists.c:
/* */
#include <windows.h>
#include <winsock.h>
#include <ws2tcpip.h>
#include <winsock2.h>
#include <stdio.h>
#include <sys/stat.h>
#include <sys/types.h>
#include <sys/utime.h>
#include <assert.h>
#include <errno.h>
#include <fcntl.h>
#include <io.h>
#include <locale.h>
#include <setjmp.h>
#include <signal.h>
#include <stdbool.h>
#include <stdio.h>
#include <stdlib.h>
#include <string.h>
#include <time.h>
#include <process.h>
#include <stddef.h>
#include <malloc.h>
#include <memory.h>

int main(int argc, char** argv)
{
  (void)argv;
#ifndef if_nametoindex
  return ((int*)(&if_nametoindex))[argc];
#else
  (void)argc;
  return 0;
#endif
}

Determining if the getrlimit exist failed with the following output:
Change Dir: C:/Development/op3d_active/curl-7.70.0/msvc/CMakeFiles/CMakeTmp

Run Build Command(s):C:/Program Files (x86)/Microsoft Visual Studio/2017/Enterprise/MSBuild/15.0/Bin/MSBuild.exe cmTC_eb4d2.vcxproj /p:Configuration=Debug /p:Platform=Win32 /p:VisualStudioVersion=15.0 /v:m 
Microsoft (R) Build Engine version 15.9.21+g9802d43bc3 for .NET Framework
Copyright (C) Microsoft Corporation. All rights reserved.

  Microsoft (R) C/C++ Optimizing Compiler Version 19.16.27038 for x86
  Copyright (C) Microsoft Corporation.  All rights reserved.
  
  cl /c /I"C:\Development\op3d_active\zlib-1.2.8" /I"C:\Program Files (x86)\Visual Leak Detector\include" /Zi /W3 /WX- /diagnostics:classic /Od /Ob0 /Oy- /D WIN32 /D _WINDOWS /D _WINSOCKAPI_= /D "CMAKE_INTDIR=\"Debug\"" /D _MBCS /Gm- /RTC1 /MDd /GS /fp:precise /Zc:wchar_t /Zc:forScope /Zc:inline /Fo"cmTC_eb4d2.dir\Debug\\" /Fd"cmTC_eb4d2.dir\Debug\vc141.pdb" /Gd /TC /analyze- /errorReport:queue "C:\Development\op3d_active\curl-7.70.0\msvc\CMakeFiles\CMakeTmp\CheckSymbolExists.c"
  CheckSymbolExists.c
  
C:\Development\op3d_active\curl-7.70.0\msvc\CMakeFiles\CMakeTmp\CheckSymbolExists.c(31): error C2065: 'getrlimit': undeclared identifier [C:\Development\op3d_active\curl-7.70.0\msvc\CMakeFiles\CMakeTmp\cmTC_eb4d2.vcxproj]

File C:/Development/op3d_active/curl-7.70.0/msvc/CMakeFiles/CMakeTmp/CheckSymbolExists.c:
/* */
#include <windows.h>
#include <winsock.h>
#include <ws2tcpip.h>
#include <winsock2.h>
#include <stdio.h>
#include <sys/stat.h>
#include <sys/types.h>
#include <sys/utime.h>
#include <assert.h>
#include <errno.h>
#include <fcntl.h>
#include <io.h>
#include <locale.h>
#include <setjmp.h>
#include <signal.h>
#include <stdbool.h>
#include <stdio.h>
#include <stdlib.h>
#include <string.h>
#include <time.h>
#include <process.h>
#include <stddef.h>
#include <malloc.h>
#include <memory.h>

int main(int argc, char** argv)
{
  (void)argv;
#ifndef getrlimit
  return ((int*)(&getrlimit))[argc];
#else
  (void)argc;
  return 0;
#endif
}

Determining if the setrlimit exist failed with the following output:
Change Dir: C:/Development/op3d_active/curl-7.70.0/msvc/CMakeFiles/CMakeTmp

Run Build Command(s):C:/Program Files (x86)/Microsoft Visual Studio/2017/Enterprise/MSBuild/15.0/Bin/MSBuild.exe cmTC_cc023.vcxproj /p:Configuration=Debug /p:Platform=Win32 /p:VisualStudioVersion=15.0 /v:m 
Microsoft (R) Build Engine version 15.9.21+g9802d43bc3 for .NET Framework
Copyright (C) Microsoft Corporation. All rights reserved.

  Microsoft (R) C/C++ Optimizing Compiler Version 19.16.27038 for x86
  Copyright (C) Microsoft Corporation.  All rights reserved.
  
  cl /c /I"C:\Development\op3d_active\zlib-1.2.8" /I"C:\Program Files (x86)\Visual Leak Detector\include" /Zi /W3 /WX- /diagnostics:classic /Od /Ob0 /Oy- /D WIN32 /D _WINDOWS /D _WINSOCKAPI_= /D "CMAKE_INTDIR=\"Debug\"" /D _MBCS /Gm- /RTC1 /MDd /GS /fp:precise /Zc:wchar_t /Zc:forScope /Zc:inline /Fo"cmTC_cc023.dir\Debug\\" /Fd"cmTC_cc023.dir\Debug\vc141.pdb" /Gd /TC /analyze- /errorReport:queue "C:\Development\op3d_active\curl-7.70.0\msvc\CMakeFiles\CMakeTmp\CheckSymbolExists.c"
  CheckSymbolExists.c
  
C:\Development\op3d_active\curl-7.70.0\msvc\CMakeFiles\CMakeTmp\CheckSymbolExists.c(31): error C2065: 'setrlimit': undeclared identifier [C:\Development\op3d_active\curl-7.70.0\msvc\CMakeFiles\CMakeTmp\cmTC_cc023.vcxproj]

File C:/Development/op3d_active/curl-7.70.0/msvc/CMakeFiles/CMakeTmp/CheckSymbolExists.c:
/* */
#include <windows.h>
#include <winsock.h>
#include <ws2tcpip.h>
#include <winsock2.h>
#include <stdio.h>
#include <sys/stat.h>
#include <sys/types.h>
#include <sys/utime.h>
#include <assert.h>
#include <errno.h>
#include <fcntl.h>
#include <io.h>
#include <locale.h>
#include <setjmp.h>
#include <signal.h>
#include <stdbool.h>
#include <stdio.h>
#include <stdlib.h>
#include <string.h>
#include <time.h>
#include <process.h>
#include <stddef.h>
#include <malloc.h>
#include <memory.h>

int main(int argc, char** argv)
{
  (void)argv;
#ifndef setrlimit
  return ((int*)(&setrlimit))[argc];
#else
  (void)argc;
  return 0;
#endif
}

Determining if the fcntl exist failed with the following output:
Change Dir: C:/Development/op3d_active/curl-7.70.0/msvc/CMakeFiles/CMakeTmp

Run Build Command(s):C:/Program Files (x86)/Microsoft Visual Studio/2017/Enterprise/MSBuild/15.0/Bin/MSBuild.exe cmTC_19a13.vcxproj /p:Configuration=Debug /p:Platform=Win32 /p:VisualStudioVersion=15.0 /v:m 
Microsoft (R) Build Engine version 15.9.21+g9802d43bc3 for .NET Framework
Copyright (C) Microsoft Corporation. All rights reserved.

  Microsoft (R) C/C++ Optimizing Compiler Version 19.16.27038 for x86
  Copyright (C) Microsoft Corporation.  All rights reserved.
  
  cl /c /I"C:\Development\op3d_active\zlib-1.2.8" /I"C:\Program Files (x86)\Visual Leak Detector\include" /Zi /W3 /WX- /diagnostics:classic /Od /Ob0 /Oy- /D WIN32 /D _WINDOWS /D _WINSOCKAPI_= /D "CMAKE_INTDIR=\"Debug\"" /D _MBCS /Gm- /RTC1 /MDd /GS /fp:precise /Zc:wchar_t /Zc:forScope /Zc:inline /Fo"cmTC_19a13.dir\Debug\\" /Fd"cmTC_19a13.dir\Debug\vc141.pdb" /Gd /TC /analyze- /errorReport:queue "C:\Development\op3d_active\curl-7.70.0\msvc\CMakeFiles\CMakeTmp\CheckSymbolExists.c"
  CheckSymbolExists.c
  
C:\Development\op3d_active\curl-7.70.0\msvc\CMakeFiles\CMakeTmp\CheckSymbolExists.c(31): error C2065: 'fcntl': undeclared identifier [C:\Development\op3d_active\curl-7.70.0\msvc\CMakeFiles\CMakeTmp\cmTC_19a13.vcxproj]

File C:/Development/op3d_active/curl-7.70.0/msvc/CMakeFiles/CMakeTmp/CheckSymbolExists.c:
/* */
#include <windows.h>
#include <winsock.h>
#include <ws2tcpip.h>
#include <winsock2.h>
#include <stdio.h>
#include <sys/stat.h>
#include <sys/types.h>
#include <sys/utime.h>
#include <assert.h>
#include <errno.h>
#include <fcntl.h>
#include <io.h>
#include <locale.h>
#include <setjmp.h>
#include <signal.h>
#include <stdbool.h>
#include <stdio.h>
#include <stdlib.h>
#include <string.h>
#include <time.h>
#include <process.h>
#include <stddef.h>
#include <malloc.h>
#include <memory.h>

int main(int argc, char** argv)
{
  (void)argv;
#ifndef fcntl
  return ((int*)(&fcntl))[argc];
#else
  (void)argc;
  return 0;
#endif
}

Determining if the ioctl exist failed with the following output:
Change Dir: C:/Development/op3d_active/curl-7.70.0/msvc/CMakeFiles/CMakeTmp

Run Build Command(s):C:/Program Files (x86)/Microsoft Visual Studio/2017/Enterprise/MSBuild/15.0/Bin/MSBuild.exe cmTC_56907.vcxproj /p:Configuration=Debug /p:Platform=Win32 /p:VisualStudioVersion=15.0 /v:m 
Microsoft (R) Build Engine version 15.9.21+g9802d43bc3 for .NET Framework
Copyright (C) Microsoft Corporation. All rights reserved.

  Microsoft (R) C/C++ Optimizing Compiler Version 19.16.27038 for x86
  Copyright (C) Microsoft Corporation.  All rights reserved.
  
  cl /c /I"C:\Development\op3d_active\zlib-1.2.8" /I"C:\Program Files (x86)\Visual Leak Detector\include" /Zi /W3 /WX- /diagnostics:classic /Od /Ob0 /Oy- /D WIN32 /D _WINDOWS /D _WINSOCKAPI_= /D "CMAKE_INTDIR=\"Debug\"" /D _MBCS /Gm- /RTC1 /MDd /GS /fp:precise /Zc:wchar_t /Zc:forScope /Zc:inline /Fo"cmTC_56907.dir\Debug\\" /Fd"cmTC_56907.dir\Debug\vc141.pdb" /Gd /TC /analyze- /errorReport:queue "C:\Development\op3d_active\curl-7.70.0\msvc\CMakeFiles\CMakeTmp\CheckSymbolExists.c"
  CheckSymbolExists.c
  
C:\Development\op3d_active\curl-7.70.0\msvc\CMakeFiles\CMakeTmp\CheckSymbolExists.c(31): error C2065: 'ioctl': undeclared identifier [C:\Development\op3d_active\curl-7.70.0\msvc\CMakeFiles\CMakeTmp\cmTC_56907.vcxproj]

File C:/Development/op3d_active/curl-7.70.0/msvc/CMakeFiles/CMakeTmp/CheckSymbolExists.c:
/* */
#include <windows.h>
#include <winsock.h>
#include <ws2tcpip.h>
#include <winsock2.h>
#include <stdio.h>
#include <sys/stat.h>
#include <sys/types.h>
#include <sys/utime.h>
#include <assert.h>
#include <errno.h>
#include <fcntl.h>
#include <io.h>
#include <locale.h>
#include <setjmp.h>
#include <signal.h>
#include <stdbool.h>
#include <stdio.h>
#include <stdlib.h>
#include <string.h>
#include <time.h>
#include <process.h>
#include <stddef.h>
#include <malloc.h>
#include <memory.h>

int main(int argc, char** argv)
{
  (void)argv;
#ifndef ioctl
  return ((int*)(&ioctl))[argc];
#else
  (void)argc;
  return 0;
#endif
}

Determining if the function mach_absolute_time exists failed with the following output:
Change Dir: C:/Development/op3d_active/curl-7.70.0/msvc/CMakeFiles/CMakeTmp

Run Build Command(s):C:/Program Files (x86)/Microsoft Visual Studio/2017/Enterprise/MSBuild/15.0/Bin/MSBuild.exe cmTC_f1e9f.vcxproj /p:Configuration=Debug /p:Platform=Win32 /p:VisualStudioVersion=15.0 /v:m 
Microsoft (R) Build Engine version 15.9.21+g9802d43bc3 for .NET Framework
Copyright (C) Microsoft Corporation. All rights reserved.

  Microsoft (R) C/C++ Optimizing Compiler Version 19.16.27038 for x86
  Copyright (C) Microsoft Corporation.  All rights reserved.
  
  cl /c /I"C:\Development\op3d_active\zlib-1.2.8" /I"C:\Program Files (x86)\Visual Leak Detector\include" /Zi /W3 /WX- /diagnostics:classic /Od /Ob0 /Oy- /D WIN32 /D _WINDOWS /D CHECK_FUNCTION_EXISTS=mach_absolute_time /D _WINSOCKAPI_= /D "CMAKE_INTDIR=\"Debug\"" /D _MBCS /Gm- /RTC1 /MDd /GS /fp:precise /Zc:wchar_t /Zc:forScope /Zc:inline /Fo"cmTC_f1e9f.dir\Debug\\" /Fd"cmTC_f1e9f.dir\Debug\vc141.pdb" /Gd /TC /analyze- /errorReport:queue "C:\Program Files\CMake\share\cmake-3.14\Modules\CheckFunctionExists.c"
  
  CheckFunctionExists.c
CheckFunctionExists.obj : error LNK2019: unresolved external symbol _mach_absolute_time referenced in function _main [C:\Development\op3d_active\curl-7.70.0\msvc\CMakeFiles\CMakeTmp\cmTC_f1e9f.vcxproj]
C:\Development\op3d_active\curl-7.70.0\msvc\CMakeFiles\CMakeTmp\Debug\cmTC_f1e9f.exe : fatal error LNK1120: 1 unresolved externals [C:\Development\op3d_active\curl-7.70.0\msvc\CMakeFiles\CMakeTmp\cmTC_f1e9f.vcxproj]


Determining if the fsetxattr exist failed with the following output:
Change Dir: C:/Development/op3d_active/curl-7.70.0/msvc/CMakeFiles/CMakeTmp

Run Build Command(s):C:/Program Files (x86)/Microsoft Visual Studio/2017/Enterprise/MSBuild/15.0/Bin/MSBuild.exe cmTC_4fd04.vcxproj /p:Configuration=Debug /p:Platform=Win32 /p:VisualStudioVersion=15.0 /v:m 
Microsoft (R) Build Engine version 15.9.21+g9802d43bc3 for .NET Framework
Copyright (C) Microsoft Corporation. All rights reserved.

  Microsoft (R) C/C++ Optimizing Compiler Version 19.16.27038 for x86
  Copyright (C) Microsoft Corporation.  All rights reserved.
  
  cl /c /I"C:\Development\op3d_active\zlib-1.2.8" /I"C:\Program Files (x86)\Visual Leak Detector\include" /Zi /W3 /WX- /diagnostics:classic /Od /Ob0 /Oy- /D WIN32 /D _WINDOWS /D _WINSOCKAPI_= /D "CMAKE_INTDIR=\"Debug\"" /D _MBCS /Gm- /RTC1 /MDd /GS /fp:precise /Zc:wchar_t /Zc:forScope /Zc:inline /Fo"cmTC_4fd04.dir\Debug\\" /Fd"cmTC_4fd04.dir\Debug\vc141.pdb" /Gd /TC /analyze- /errorReport:queue "C:\Development\op3d_active\curl-7.70.0\msvc\CMakeFiles\CMakeTmp\CheckSymbolExists.c"
  CheckSymbolExists.c
  
C:\Development\op3d_active\curl-7.70.0\msvc\CMakeFiles\CMakeTmp\CheckSymbolExists.c(31): error C2065: 'fsetxattr': undeclared identifier [C:\Development\op3d_active\curl-7.70.0\msvc\CMakeFiles\CMakeTmp\cmTC_4fd04.vcxproj]

File C:/Development/op3d_active/curl-7.70.0/msvc/CMakeFiles/CMakeTmp/CheckSymbolExists.c:
/* */
#include <windows.h>
#include <winsock.h>
#include <ws2tcpip.h>
#include <winsock2.h>
#include <stdio.h>
#include <sys/stat.h>
#include <sys/types.h>
#include <sys/utime.h>
#include <assert.h>
#include <errno.h>
#include <fcntl.h>
#include <io.h>
#include <locale.h>
#include <setjmp.h>
#include <signal.h>
#include <stdbool.h>
#include <stdio.h>
#include <stdlib.h>
#include <string.h>
#include <time.h>
#include <process.h>
#include <stddef.h>
#include <malloc.h>
#include <memory.h>

int main(int argc, char** argv)
{
  (void)argv;
#ifndef fsetxattr
  return ((int*)(&fsetxattr))[argc];
#else
  (void)argc;
  return 0;
#endif
}

Performing Curl Test HAVE_FCNTL_O_NONBLOCK failed with the following output:
Change Dir: C:/Development/op3d_active/curl-7.70.0/msvc/CMakeFiles/CMakeTmp

Run Build Command(s):C:/Program Files (x86)/Microsoft Visual Studio/2017/Enterprise/MSBuild/15.0/Bin/MSBuild.exe cmTC_ba93f.vcxproj /p:Configuration=Debug /p:Platform=Win32 /p:VisualStudioVersion=15.0 /v:m 
Microsoft (R) Build Engine version 15.9.21+g9802d43bc3 for .NET Framework
Copyright (C) Microsoft Corporation. All rights reserved.

  Microsoft (R) C/C++ Optimizing Compiler Version 19.16.27038 for x86
  Copyright (C) Microsoft Corporation.  All rights reserved.
  
  cl /c /I"C:\Program Files (x86)\Visual Leak Detector\include" /Zi /W3 /WX- /diagnostics:classic /Od /Ob0 /Oy- /D WIN32 /D _WINDOWS /D HAVE_FCNTL_O_NONBLOCK /D HAVE_WINDOWS_H /D HAVE_WINSOCK_H /D HAVE_WS2TCPIP_H /D HAVE_WINSOCK2_H /D HAVE_STDIO_H /D HAVE_SYS_STAT_H /D HAVE_SYS_TYPES_H /D HAVE_SYS_UTIME_H /D HAVE_ASSERT_H /D HAVE_ERRNO_H /D HAVE_FCNTL_H /D HAVE_IO_H /D HAVE_LOCALE_H /D HAVE_SETJMP_H /D HAVE_SIGNAL_H /D HAVE_STDBOOL_H /D HAVE_STDLIB_H /D HAVE_STRING_H /D HAVE_TIME_H /D HAVE_PROCESS_H /D HAVE_STDDEF_H /D HAVE_MALLOC_H /D HAVE_MEMORY_H /D "CMAKE_INTDIR=\"Debug\"" /D _MBCS /Gm- /RTC1 /MDd /GS /fp:precise /Zc:wchar_t /Zc:forScope /Zc:inline /Fo"cmTC_ba93f.dir\Debug\\" /Fd"cmTC_ba93f.dir\Debug\vc141.pdb" /Gd /TC /analyze- /errorReport:queue "C:\Development\op3d_active\curl-7.70.0\CMake\CurlTests.c"
  
  CurlTests.c
C:\Development\op3d_active\curl-7.70.0\CMake\CurlTests.c(44): fatal error C1083: Cannot open include file: 'unistd.h': No such file or directory [C:\Development\op3d_active\curl-7.70.0\msvc\CMakeFiles\CMakeTmp\cmTC_ba93f.vcxproj]

Performing Curl Test HAVE_IOCTLSOCKET_CAMEL failed with the following output:
Change Dir: C:/Development/op3d_active/curl-7.70.0/msvc/CMakeFiles/CMakeTmp

Run Build Command(s):C:/Program Files (x86)/Microsoft Visual Studio/2017/Enterprise/MSBuild/15.0/Bin/MSBuild.exe cmTC_307e2.vcxproj /p:Configuration=Debug /p:Platform=Win32 /p:VisualStudioVersion=15.0 /v:m 
Microsoft (R) Build Engine version 15.9.21+g9802d43bc3 for .NET Framework
Copyright (C) Microsoft Corporation. All rights reserved.

  Microsoft (R) C/C++ Optimizing Compiler Version 19.16.27038 for x86
  Copyright (C) Microsoft Corporation.  All rights reserved.
  
  cl /c /I"C:\Program Files (x86)\Visual Leak Detector\include" /Zi /W3 /WX- /diagnostics:classic /Od /Ob0 /Oy- /D WIN32 /D _WINDOWS /D HAVE_IOCTLSOCKET_CAMEL /D HAVE_WINDOWS_H /D HAVE_WINSOCK_H /D HAVE_WS2TCPIP_H /D HAVE_WINSOCK2_H /D HAVE_STDIO_H /D HAVE_SYS_STAT_H /D HAVE_SYS_TYPES_H /D HAVE_SYS_UTIME_H /D HAVE_ASSERT_H /D HAVE_ERRNO_H /D HAVE_FCNTL_H /D HAVE_IO_H /D HAVE_LOCALE_H /D HAVE_SETJMP_H /D HAVE_SIGNAL_H /D HAVE_STDBOOL_H /D HAVE_STDLIB_H /D HAVE_STRING_H /D HAVE_TIME_H /D HAVE_PROCESS_H /D HAVE_STDDEF_H /D HAVE_MALLOC_H /D HAVE_MEMORY_H /D "CMAKE_INTDIR=\"Debug\"" /D _MBCS /Gm- /RTC1 /MDd /GS /fp:precise /Zc:wchar_t /Zc:forScope /Zc:inline /Fo"cmTC_307e2.dir\Debug\\" /Fd"cmTC_307e2.dir\Debug\vc141.pdb" /Gd /TC /analyze- /errorReport:queue "C:\Development\op3d_active\curl-7.70.0\CMake\CurlTests.c"
  
  CurlTests.c
C:\Development\op3d_active\curl-7.70.0\CMake\CurlTests.c(354): warning C4013: 'IoctlSocket' undefined; assuming extern returning int [C:\Development\op3d_active\curl-7.70.0\msvc\CMakeFiles\CMakeTmp\cmTC_307e2.vcxproj]
CurlTests.obj : error LNK2019: unresolved external symbol _IoctlSocket referenced in function _main [C:\Development\op3d_active\curl-7.70.0\msvc\CMakeFiles\CMakeTmp\cmTC_307e2.vcxproj]
C:\Development\op3d_active\curl-7.70.0\msvc\CMakeFiles\CMakeTmp\Debug\cmTC_307e2.exe : fatal error LNK1120: 1 unresolved externals [C:\Development\op3d_active\curl-7.70.0\msvc\CMakeFiles\CMakeTmp\cmTC_307e2.vcxproj]

Performing Curl Test HAVE_IOCTL_FIONBIO failed with the following output:
Change Dir: C:/Development/op3d_active/curl-7.70.0/msvc/CMakeFiles/CMakeTmp

Run Build Command(s):C:/Program Files (x86)/Microsoft Visual Studio/2017/Enterprise/MSBuild/15.0/Bin/MSBuild.exe cmTC_848bb.vcxproj /p:Configuration=Debug /p:Platform=Win32 /p:VisualStudioVersion=15.0 /v:m 
Microsoft (R) Build Engine version 15.9.21+g9802d43bc3 for .NET Framework
Copyright (C) Microsoft Corporation. All rights reserved.

  Microsoft (R) C/C++ Optimizing Compiler Version 19.16.27038 for x86
  Copyright (C) Microsoft Corporation.  All rights reserved.
  
  cl /c /I"C:\Program Files (x86)\Visual Leak Detector\include" /Zi /W3 /WX- /diagnostics:classic /Od /Ob0 /Oy- /D WIN32 /D _WINDOWS /D HAVE_IOCTL_FIONBIO /D HAVE_WINDOWS_H /D HAVE_WINSOCK_H /D HAVE_WS2TCPIP_H /D HAVE_WINSOCK2_H /D HAVE_STDIO_H /D HAVE_SYS_STAT_H /D HAVE_SYS_TYPES_H /D HAVE_SYS_UTIME_H /D HAVE_ASSERT_H /D HAVE_ERRNO_H /D HAVE_FCNTL_H /D HAVE_IO_H /D HAVE_LOCALE_H /D HAVE_SETJMP_H /D HAVE_SIGNAL_H /D HAVE_STDBOOL_H /D HAVE_STDLIB_H /D HAVE_STRING_H /D HAVE_TIME_H /D HAVE_PROCESS_H /D HAVE_STDDEF_H /D HAVE_MALLOC_H /D HAVE_MEMORY_H /D "CMAKE_INTDIR=\"Debug\"" /D _MBCS /Gm- /RTC1 /MDd /GS /fp:precise /Zc:wchar_t /Zc:forScope /Zc:inline /Fo"cmTC_848bb.dir\Debug\\" /Fd"cmTC_848bb.dir\Debug\vc141.pdb" /Gd /TC /analyze- /errorReport:queue "C:\Development\op3d_active\curl-7.70.0\CMake\CurlTests.c"
  
  CurlTests.c
C:\Development\op3d_active\curl-7.70.0\CMake\CurlTests.c(440): warning C4013: 'ioctl' undefined; assuming extern returning int [C:\Development\op3d_active\curl-7.70.0\msvc\CMakeFiles\CMakeTmp\cmTC_848bb.vcxproj]
C:\Development\op3d_active\curl-7.70.0\CMake\CurlTests.c(440): error C2065: 'FIONBIO': undeclared identifier [C:\Development\op3d_active\curl-7.70.0\msvc\CMakeFiles\CMakeTmp\cmTC_848bb.vcxproj]

Performing Curl Test HAVE_IOCTL_SIOCGIFADDR failed with the following output:
Change Dir: C:/Development/op3d_active/curl-7.70.0/msvc/CMakeFiles/CMakeTmp

Run Build Command(s):C:/Program Files (x86)/Microsoft Visual Studio/2017/Enterprise/MSBuild/15.0/Bin/MSBuild.exe cmTC_17929.vcxproj /p:Configuration=Debug /p:Platform=Win32 /p:VisualStudioVersion=15.0 /v:m 
Microsoft (R) Build Engine version 15.9.21+g9802d43bc3 for .NET Framework
Copyright (C) Microsoft Corporation. All rights reserved.

  Microsoft (R) C/C++ Optimizing Compiler Version 19.16.27038 for x86
  Copyright (C) Microsoft Corporation.  All rights reserved.
  
  cl /c /I"C:\Program Files (x86)\Visual Leak Detector\include" /Zi /W3 /WX- /diagnostics:classic /Od /Ob0 /Oy- /D WIN32 /D _WINDOWS /D HAVE_IOCTL_SIOCGIFADDR /D HAVE_WINDOWS_H /D HAVE_WINSOCK_H /D HAVE_WS2TCPIP_H /D HAVE_WINSOCK2_H /D HAVE_STDIO_H /D HAVE_SYS_STAT_H /D HAVE_SYS_TYPES_H /D HAVE_SYS_UTIME_H /D HAVE_ASSERT_H /D HAVE_ERRNO_H /D HAVE_FCNTL_H /D HAVE_IO_H /D HAVE_LOCALE_H /D HAVE_SETJMP_H /D HAVE_SIGNAL_H /D HAVE_STDBOOL_H /D HAVE_STDLIB_H /D HAVE_STRING_H /D HAVE_TIME_H /D HAVE_PROCESS_H /D HAVE_STDDEF_H /D HAVE_MALLOC_H /D HAVE_MEMORY_H /D "CMAKE_INTDIR=\"Debug\"" /D _MBCS /Gm- /RTC1 /MDd /GS /fp:precise /Zc:wchar_t /Zc:forScope /Zc:inline /Fo"cmTC_17929.dir\Debug\\" /Fd"cmTC_17929.dir\Debug\vc141.pdb" /Gd /TC /analyze- /errorReport:queue "C:\Development\op3d_active\curl-7.70.0\CMake\CurlTests.c"
  
  CurlTests.c
C:\Development\op3d_active\curl-7.70.0\CMake\CurlTests.c(465): fatal error C1083: Cannot open include file: 'net/if.h': No such file or directory [C:\Development\op3d_active\curl-7.70.0\msvc\CMakeFiles\CMakeTmp\cmTC_17929.vcxproj]

Performing Curl Test HAVE_SETSOCKOPT_SO_NONBLOCK failed with the following output:
Change Dir: C:/Development/op3d_active/curl-7.70.0/msvc/CMakeFiles/CMakeTmp

Run Build Command(s):C:/Program Files (x86)/Microsoft Visual Studio/2017/Enterprise/MSBuild/15.0/Bin/MSBuild.exe cmTC_915dd.vcxproj /p:Configuration=Debug /p:Platform=Win32 /p:VisualStudioVersion=15.0 /v:m 
Microsoft (R) Build Engine version 15.9.21+g9802d43bc3 for .NET Framework
Copyright (C) Microsoft Corporation. All rights reserved.

  Microsoft (R) C/C++ Optimizing Compiler Version 19.16.27038 for x86
  Copyright (C) Microsoft Corporation.  All rights reserved.
  
  cl /c /I"C:\Program Files (x86)\Visual Leak Detector\include" /Zi /W3 /WX- /diagnostics:classic /Od /Ob0 /Oy- /D WIN32 /D _WINDOWS /D HAVE_SETSOCKOPT_SO_NONBLOCK /D HAVE_WINDOWS_H /D HAVE_WINSOCK_H /D HAVE_WS2TCPIP_H /D HAVE_WINSOCK2_H /D HAVE_STDIO_H /D HAVE_SYS_STAT_H /D HAVE_SYS_TYPES_H /D HAVE_SYS_UTIME_H /D HAVE_ASSERT_H /D HAVE_ERRNO_H /D HAVE_FCNTL_H /D HAVE_IO_H /D HAVE_LOCALE_H /D HAVE_SETJMP_H /D HAVE_SIGNAL_H /D HAVE_STDBOOL_H /D HAVE_STDLIB_H /D HAVE_STRING_H /D HAVE_TIME_H /D HAVE_PROCESS_H /D HAVE_STDDEF_H /D HAVE_MALLOC_H /D HAVE_MEMORY_H /D "CMAKE_INTDIR=\"Debug\"" /D _MBCS /Gm- /RTC1 /MDd /GS /fp:precise /Zc:wchar_t /Zc:forScope /Zc:inline /Fo"cmTC_915dd.dir\Debug\\" /Fd"cmTC_915dd.dir\Debug\vc141.pdb" /Gd /TC /analyze- /errorReport:queue "C:\Development\op3d_active\curl-7.70.0\CMake\CurlTests.c"
  
  CurlTests.c
C:\Development\op3d_active\curl-7.70.0\CMake\CurlTests.c(505): error C2065: 'SO_NONBLOCK': undeclared identifier [C:\Development\op3d_active\curl-7.70.0\msvc\CMakeFiles\CMakeTmp\cmTC_915dd.vcxproj]

Performing Curl Test HAVE_SOCKADDR_IN6_SIN6_SCOPE_ID failed with the following output:
Change Dir: C:/Development/op3d_active/curl-7.70.0/msvc/CMakeFiles/CMakeTmp

Run Build Command(s):C:/Program Files (x86)/Microsoft Visual Studio/2017/Enterprise/MSBuild/15.0/Bin/MSBuild.exe cmTC_f09b9.vcxproj /p:Configuration=Debug /p:Platform=Win32 /p:VisualStudioVersion=15.0 /v:m 
Microsoft (R) Build Engine version 15.9.21+g9802d43bc3 for .NET Framework
Copyright (C) Microsoft Corporation. All rights reserved.

  Microsoft (R) C/C++ Optimizing Compiler Version 19.16.27038 for x86
  Copyright (C) Microsoft Corporation.  All rights reserved.
  
  cl /c /I"C:\Program Files (x86)\Visual Leak Detector\include" /Zi /W3 /WX- /diagnostics:classic /Od /Ob0 /Oy- /D WIN32 /D _WINDOWS /D HAVE_SOCKADDR_IN6_SIN6_SCOPE_ID /D HAVE_WINDOWS_H /D HAVE_WINSOCK_H /D HAVE_WS2TCPIP_H /D HAVE_WINSOCK2_H /D HAVE_STDIO_H /D HAVE_SYS_STAT_H /D HAVE_SYS_TYPES_H /D HAVE_SYS_UTIME_H /D HAVE_ASSERT_H /D HAVE_ERRNO_H /D HAVE_FCNTL_H /D HAVE_IO_H /D HAVE_LOCALE_H /D HAVE_SETJMP_H /D HAVE_SIGNAL_H /D HAVE_STDBOOL_H /D HAVE_STDLIB_H /D HAVE_STRING_H /D HAVE_TIME_H /D HAVE_PROCESS_H /D HAVE_STDDEF_H /D HAVE_MALLOC_H /D HAVE_MEMORY_H /D "CMAKE_INTDIR=\"Debug\"" /D _MBCS /Gm- /RTC1 /MDd /GS /fp:precise /Zc:wchar_t /Zc:forScope /Zc:inline /Fo"cmTC_f09b9.dir\Debug\\" /Fd"cmTC_f09b9.dir\Debug\vc141.pdb" /Gd /TC /analyze- /errorReport:queue "C:\Development\op3d_active\curl-7.70.0\CMake\CurlTests.c"
  
  CurlTests.c
MSVCRTD.lib(exe_main.obj) : error LNK2019: unresolved external symbol _main referenced in function "int __cdecl invoke_main(void)" (?invoke_main@@YAHXZ) [C:\Development\op3d_active\curl-7.70.0\msvc\CMakeFiles\CMakeTmp\cmTC_f09b9.vcxproj]
C:\Development\op3d_active\curl-7.70.0\msvc\CMakeFiles\CMakeTmp\Debug\cmTC_f09b9.exe : fatal error LNK1120: 1 unresolved externals [C:\Development\op3d_active\curl-7.70.0\msvc\CMakeFiles\CMakeTmp\cmTC_f09b9.vcxproj]

Performing Curl Test HAVE_FILE_OFFSET_BITS failed with the following output:
Change Dir: C:/Development/op3d_active/curl-7.70.0/msvc/CMakeFiles/CMakeTmp

Run Build Command(s):C:/Program Files (x86)/Microsoft Visual Studio/2017/Enterprise/MSBuild/15.0/Bin/MSBuild.exe cmTC_e19c7.vcxproj /p:Configuration=Debug /p:Platform=Win32 /p:VisualStudioVersion=15.0 /v:m 
Microsoft (R) Build Engine version 15.9.21+g9802d43bc3 for .NET Framework
Copyright (C) Microsoft Corporation. All rights reserved.

  Microsoft (R) C/C++ Optimizing Compiler Version 19.16.27038 for x86
  Copyright (C) Microsoft Corporation.  All rights reserved.
  
  cl /c /I"C:\Program Files (x86)\Visual Leak Detector\include" /Zi /W3 /WX- /diagnostics:classic /Od /Ob0 /Oy- /D WIN32 /D _WINDOWS /D HAVE_FILE_OFFSET_BITS /D HAVE_WINDOWS_H /D HAVE_WINSOCK_H /D HAVE_WS2TCPIP_H /D HAVE_WINSOCK2_H /D HAVE_STDIO_H /D HAVE_SYS_STAT_H /D HAVE_SYS_TYPES_H /D HAVE_SYS_UTIME_H /D HAVE_ASSERT_H /D HAVE_ERRNO_H /D HAVE_FCNTL_H /D HAVE_IO_H /D HAVE_LOCALE_H /D HAVE_SETJMP_H /D HAVE_SIGNAL_H /D HAVE_STDBOOL_H /D HAVE_STDLIB_H /D HAVE_STRING_H /D HAVE_TIME_H /D HAVE_PROCESS_H /D HAVE_STDDEF_H /D HAVE_MALLOC_H /D HAVE_MEMORY_H /D "CMAKE_INTDIR=\"Debug\"" /D _MBCS /Gm- /RTC1 /MDd /GS /fp:precise /Zc:wchar_t /Zc:forScope /Zc:inline /Fo"cmTC_e19c7.dir\Debug\\" /Fd"cmTC_e19c7.dir\Debug\vc141.pdb" /Gd /TC /analyze- /errorReport:queue "C:\Development\op3d_active\curl-7.70.0\CMake\CurlTests.c"
  
  CurlTests.c
C:\Development\op3d_active\curl-7.70.0\CMake\CurlTests.c(299): warning C4293: '<<': shift count negative or too big, undefined behavior [C:\Development\op3d_active\curl-7.70.0\msvc\CMakeFiles\CMakeTmp\cmTC_e19c7.vcxproj]
C:\Development\op3d_active\curl-7.70.0\CMake\CurlTests.c(300): warning C4293: '<<': shift count negative or too big, undefined behavior [C:\Development\op3d_active\curl-7.70.0\msvc\CMakeFiles\CMakeTmp\cmTC_e19c7.vcxproj]
C:\Development\op3d_active\curl-7.70.0\CMake\CurlTests.c(301): error C2118: negative subscript [C:\Development\op3d_active\curl-7.70.0\msvc\CMakeFiles\CMakeTmp\cmTC_e19c7.vcxproj]

Performing Curl Test HAVE_VARIADIC_MACROS_GCC failed with the following output:
Change Dir: C:/Development/op3d_active/curl-7.70.0/msvc/CMakeFiles/CMakeTmp

Run Build Command(s):C:/Program Files (x86)/Microsoft Visual Studio/2017/Enterprise/MSBuild/15.0/Bin/MSBuild.exe cmTC_5b246.vcxproj /p:Configuration=Debug /p:Platform=Win32 /p:VisualStudioVersion=15.0 /v:m 
Microsoft (R) Build Engine version 15.9.21+g9802d43bc3 for .NET Framework
Copyright (C) Microsoft Corporation. All rights reserved.

  Microsoft (R) C/C++ Optimizing Compiler Version 19.16.27038 for x86
  Copyright (C) Microsoft Corporation.  All rights reserved.
  
  cl /c /I"C:\Program Files (x86)\Visual Leak Detector\include" /Zi /W3 /WX- /diagnostics:classic /Od /Ob0 /Oy- /D WIN32 /D _WINDOWS /D HAVE_VARIADIC_MACROS_GCC /D HAVE_WINDOWS_H /D HAVE_WINSOCK_H /D HAVE_WS2TCPIP_H /D HAVE_WINSOCK2_H /D HAVE_STDIO_H /D HAVE_SYS_STAT_H /D HAVE_SYS_TYPES_H /D HAVE_SYS_UTIME_H /D HAVE_ASSERT_H /D HAVE_ERRNO_H /D HAVE_FCNTL_H /D HAVE_IO_H /D HAVE_LOCALE_H /D HAVE_SETJMP_H /D HAVE_SIGNAL_H /D HAVE_STDBOOL_H /D HAVE_STDLIB_H /D HAVE_STRING_H /D HAVE_TIME_H /D HAVE_PROCESS_H /D HAVE_STDDEF_H /D HAVE_MALLOC_H /D HAVE_MEMORY_H /D "CMAKE_INTDIR=\"Debug\"" /D _MBCS /Gm- /RTC1 /MDd /GS /fp:precise /Zc:wchar_t /Zc:forScope /Zc:inline /Fo"cmTC_5b246.dir\Debug\\" /Fd"cmTC_5b246.dir\Debug\vc141.pdb" /Gd /TC /analyze- /errorReport:queue "C:\Development\op3d_active\curl-7.70.0\CMake\CurlTests.c"
  
  CurlTests.c
C:\Development\op3d_active\curl-7.70.0\CMake\CurlTests.c(596): error C2010: '.': unexpected in macro parameter list [C:\Development\op3d_active\curl-7.70.0\msvc\CMakeFiles\CMakeTmp\cmTC_5b246.vcxproj]
C:\Development\op3d_active\curl-7.70.0\CMake\CurlTests.c(597): error C2010: '.': unexpected in macro parameter list [C:\Development\op3d_active\curl-7.70.0\msvc\CMakeFiles\CMakeTmp\cmTC_5b246.vcxproj]

Performing Curl Test HAVE_GLIBC_STRERROR_R failed with the following output:
Change Dir: C:/Development/op3d_active/curl-7.70.0/msvc/CMakeFiles/CMakeTmp

Run Build Command(s):C:/Program Files (x86)/Microsoft Visual Studio/2017/Enterprise/MSBuild/15.0/Bin/MSBuild.exe cmTC_13f8e.vcxproj /p:Configuration=Debug /p:Platform=Win32 /p:VisualStudioVersion=15.0 /v:m 
Microsoft (R) Build Engine version 15.9.21+g9802d43bc3 for .NET Framework
Copyright (C) Microsoft Corporation. All rights reserved.

  Microsoft (R) C/C++ Optimizing Compiler Version 19.16.27038 for x86
  Copyright (C) Microsoft Corporation.  All rights reserved.
  
  cl /c /I"C:\Program Files (x86)\Visual Leak Detector\include" /Zi /W3 /WX- /diagnostics:classic /Od /Ob0 /Oy- /D WIN32 /D _WINDOWS /D HAVE_GLIBC_STRERROR_R /D HAVE_WINDOWS_H /D HAVE_WINSOCK_H /D HAVE_WS2TCPIP_H /D HAVE_WINSOCK2_H /D HAVE_STDIO_H /D HAVE_SYS_STAT_H /D HAVE_SYS_TYPES_H /D HAVE_SYS_UTIME_H /D HAVE_ASSERT_H /D HAVE_ERRNO_H /D HAVE_FCNTL_H /D HAVE_IO_H /D HAVE_LOCALE_H /D HAVE_SETJMP_H /D HAVE_SIGNAL_H /D HAVE_STDBOOL_H /D HAVE_STDLIB_H /D HAVE_STRING_H /D HAVE_TIME_H /D HAVE_PROCESS_H /D HAVE_STDDEF_H /D HAVE_MALLOC_H /D HAVE_MEMORY_H /D "CMAKE_INTDIR=\"Debug\"" /D _MBCS /Gm- /RTC1 /MDd /GS /fp:precise /Zc:wchar_t /Zc:forScope /Zc:inline /Fo"cmTC_13f8e.dir\Debug\\" /Fd"cmTC_13f8e.dir\Debug\vc141.pdb" /Gd /TC /analyze- /errorReport:queue "C:\Development\op3d_active\curl-7.70.0\CMake\CurlTests.c"
  CurlTests.c
  
C:\Development\op3d_active\curl-7.70.0\CMake\CurlTests.c(521): warning C4013: 'strerror_r' undefined; assuming extern returning int [C:\Development\op3d_active\curl-7.70.0\msvc\CMakeFiles\CMakeTmp\cmTC_13f8e.vcxproj]
C:\Development\op3d_active\curl-7.70.0\CMake\CurlTests.c(521): error C2109: subscript requires array or pointer type [C:\Development\op3d_active\curl-7.70.0\msvc\CMakeFiles\CMakeTmp\cmTC_13f8e.vcxproj]
C:\Development\op3d_active\curl-7.70.0\CMake\CurlTests.c(521): error C2198: 'check': too few arguments for call [C:\Development\op3d_active\curl-7.70.0\msvc\CMakeFiles\CMakeTmp\cmTC_13f8e.vcxproj]

Performing Curl Test HAVE_POSIX_STRERROR_R failed with the following output:
Change Dir: C:/Development/op3d_active/curl-7.70.0/msvc/CMakeFiles/CMakeTmp

Run Build Command(s):C:/Program Files (x86)/Microsoft Visual Studio/2017/Enterprise/MSBuild/15.0/Bin/MSBuild.exe cmTC_dd86f.vcxproj /p:Configuration=Debug /p:Platform=Win32 /p:VisualStudioVersion=15.0 /v:m 
Microsoft (R) Build Engine version 15.9.21+g9802d43bc3 for .NET Framework
Copyright (C) Microsoft Corporation. All rights reserved.

  Microsoft (R) C/C++ Optimizing Compiler Version 19.16.27038 for x86
  Copyright (C) Microsoft Corporation.  All rights reserved.
  
  cl /c /I"C:\Program Files (x86)\Visual Leak Detector\include" /Zi /W3 /WX- /diagnostics:classic /Od /Ob0 /Oy- /D WIN32 /D _WINDOWS /D HAVE_POSIX_STRERROR_R /D HAVE_WINDOWS_H /D HAVE_WINSOCK_H /D HAVE_WS2TCPIP_H /D HAVE_WINSOCK2_H /D HAVE_STDIO_H /D HAVE_SYS_STAT_H /D HAVE_SYS_TYPES_H /D HAVE_SYS_UTIME_H /D HAVE_ASSERT_H /D HAVE_ERRNO_H /D HAVE_FCNTL_H /D HAVE_IO_H /D HAVE_LOCALE_H /D HAVE_SETJMP_H /D HAVE_SIGNAL_H /D HAVE_STDBOOL_H /D HAVE_STDLIB_H /D HAVE_STRING_H /D HAVE_TIME_H /D HAVE_PROCESS_H /D HAVE_STDDEF_H /D HAVE_MALLOC_H /D HAVE_MEMORY_H /D "CMAKE_INTDIR=\"Debug\"" /D _MBCS /Gm- /RTC1 /MDd /GS /fp:precise /Zc:wchar_t /Zc:forScope /Zc:inline /Fo"cmTC_dd86f.dir\Debug\\" /Fd"cmTC_dd86f.dir\Debug\vc141.pdb" /Gd /TC /analyze- /errorReport:queue "C:\Development\op3d_active\curl-7.70.0\CMake\CurlTests.c"
  CurlTests.c
  
C:\Development\op3d_active\curl-7.70.0\CMake\CurlTests.c(536): warning C4013: 'strerror_r' undefined; assuming extern returning int [C:\Development\op3d_active\curl-7.70.0\msvc\CMakeFiles\CMakeTmp\cmTC_dd86f.vcxproj]
C:\Development\op3d_active\curl-7.70.0\CMake\CurlTests.c(536): warning C4244: 'function': conversion from 'int' to 'float', possible loss of data [C:\Development\op3d_active\curl-7.70.0\msvc\CMakeFiles\CMakeTmp\cmTC_dd86f.vcxproj]
CurlTests.obj : error LNK2019: unresolved external symbol _strerror_r referenced in function _main [C:\Development\op3d_active\curl-7.70.0\msvc\CMakeFiles\CMakeTmp\cmTC_dd86f.vcxproj]
C:\Development\op3d_active\curl-7.70.0\msvc\CMakeFiles\CMakeTmp\Debug\cmTC_dd86f.exe : fatal error LNK1120: 1 unresolved externals [C:\Development\op3d_active\curl-7.70.0\msvc\CMakeFiles\CMakeTmp\cmTC_dd86f.vcxproj]

Performing Curl Test HAVE_CLOCK_GETTIME_MONOTONIC failed with the following output:
Change Dir: C:/Development/op3d_active/curl-7.70.0/msvc/CMakeFiles/CMakeTmp

Run Build Command(s):C:/Program Files (x86)/Microsoft Visual Studio/2017/Enterprise/MSBuild/15.0/Bin/MSBuild.exe cmTC_51432.vcxproj /p:Configuration=Debug /p:Platform=Win32 /p:VisualStudioVersion=15.0 /v:m 
Microsoft (R) Build Engine version 15.9.21+g9802d43bc3 for .NET Framework
Copyright (C) Microsoft Corporation. All rights reserved.

  Microsoft (R) C/C++ Optimizing Compiler Version 19.16.27038 for x86
  Copyright (C) Microsoft Corporation.  All rights reserved.
  
  cl /c /I"C:\Program Files (x86)\Visual Leak Detector\include" /Zi /W3 /WX- /diagnostics:classic /Od /Ob0 /Oy- /D WIN32 /D _WINDOWS /D HAVE_CLOCK_GETTIME_MONOTONIC /D HAVE_WINDOWS_H /D HAVE_WINSOCK_H /D HAVE_WS2TCPIP_H /D HAVE_WINSOCK2_H /D HAVE_STDIO_H /D HAVE_SYS_STAT_H /D HAVE_SYS_TYPES_H /D HAVE_SYS_UTIME_H /D HAVE_ASSERT_H /D HAVE_ERRNO_H /D HAVE_FCNTL_H /D HAVE_IO_H /D HAVE_LOCALE_H /D HAVE_SETJMP_H /D HAVE_SIGNAL_H /D HAVE_STDBOOL_H /D HAVE_STDLIB_H /D HAVE_STRING_H /D HAVE_TIME_H /D HAVE_PROCESS_H /D HAVE_STDDEF_H /D HAVE_MALLOC_H /D HAVE_MEMORY_H /D "CMAKE_INTDIR=\"Debug\"" /D _MBCS /Gm- /RTC1 /MDd /GS /fp:precise /Zc:wchar_t /Zc:forScope /Zc:inline /Fo"cmTC_51432.dir\Debug\\" /Fd"cmTC_51432.dir\Debug\vc141.pdb" /Gd /TC /analyze- /errorReport:queue "C:\Development\op3d_active\curl-7.70.0\CMake\CurlTests.c"
  
  CurlTests.c
C:\Development\op3d_active\curl-7.70.0\CMake\CurlTests.c(561): warning C4013: 'clock_gettime' undefined; assuming extern returning int [C:\Development\op3d_active\curl-7.70.0\msvc\CMakeFiles\CMakeTmp\cmTC_51432.vcxproj]
C:\Development\op3d_active\curl-7.70.0\CMake\CurlTests.c(561): error C2065: 'CLOCK_MONOTONIC': undeclared identifier [C:\Development\op3d_active\curl-7.70.0\msvc\CMakeFiles\CMakeTmp\cmTC_51432.vcxproj]

Performing Curl Test HAVE_BUILTIN_AVAILABLE failed with the following output:
Change Dir: C:/Development/op3d_active/curl-7.70.0/msvc/CMakeFiles/CMakeTmp

Run Build Command(s):C:/Program Files (x86)/Microsoft Visual Studio/2017/Enterprise/MSBuild/15.0/Bin/MSBuild.exe cmTC_5d2d9.vcxproj /p:Configuration=Debug /p:Platform=Win32 /p:VisualStudioVersion=15.0 /v:m 
Microsoft (R) Build Engine version 15.9.21+g9802d43bc3 for .NET Framework
Copyright (C) Microsoft Corporation. All rights reserved.

  Microsoft (R) C/C++ Optimizing Compiler Version 19.16.27038 for x86
  Copyright (C) Microsoft Corporation.  All rights reserved.
  
  cl /c /I"C:\Program Files (x86)\Visual Leak Detector\include" /Zi /W3 /WX- /diagnostics:classic /Od /Ob0 /Oy- /D WIN32 /D _WINDOWS /D HAVE_BUILTIN_AVAILABLE /D HAVE_WINDOWS_H /D HAVE_WINSOCK_H /D HAVE_WS2TCPIP_H /D HAVE_WINSOCK2_H /D HAVE_STDIO_H /D HAVE_SYS_STAT_H /D HAVE_SYS_TYPES_H /D HAVE_SYS_UTIME_H /D HAVE_ASSERT_H /D HAVE_ERRNO_H /D HAVE_FCNTL_H /D HAVE_IO_H /D HAVE_LOCALE_H /D HAVE_SETJMP_H /D HAVE_SIGNAL_H /D HAVE_STDBOOL_H /D HAVE_STDLIB_H /D HAVE_STRING_H /D HAVE_TIME_H /D HAVE_PROCESS_H /D HAVE_STDDEF_H /D HAVE_MALLOC_H /D HAVE_MEMORY_H /D "CMAKE_INTDIR=\"Debug\"" /D _MBCS /Gm- /RTC1 /MDd /GS /fp:precise /Zc:wchar_t /Zc:forScope /Zc:inline /Fo"cmTC_5d2d9.dir\Debug\\" /Fd"cmTC_5d2d9.dir\Debug\vc141.pdb" /Gd /TC /analyze- /errorReport:queue "C:\Development\op3d_active\curl-7.70.0\CMake\CurlTests.c"
  
  CurlTests.c
C:\Development\op3d_active\curl-7.70.0\CMake\CurlTests.c(568): warning C4013: '__builtin_available' undefined; assuming extern returning int [C:\Development\op3d_active\curl-7.70.0\msvc\CMakeFiles\CMakeTmp\cmTC_5d2d9.vcxproj]
C:\Development\op3d_active\curl-7.70.0\CMake\CurlTests.c(568): error C2065: 'macOS': undeclared identifier [C:\Development\op3d_active\curl-7.70.0\msvc\CMakeFiles\CMakeTmp\cmTC_5d2d9.vcxproj]
C:\Development\op3d_active\curl-7.70.0\CMake\CurlTests.c(568): error C2143: syntax error: missing ')' before 'constant' [C:\Development\op3d_active\curl-7.70.0\msvc\CMakeFiles\CMakeTmp\cmTC_5d2d9.vcxproj]
C:\Development\op3d_active\curl-7.70.0\CMake\CurlTests.c(568): error C2059: syntax error: ')' [C:\Development\op3d_active\curl-7.70.0\msvc\CMakeFiles\CMakeTmp\cmTC_5d2d9.vcxproj]

Performing C SOURCE FILE Test HAVE_MSG_NOSIGNAL failed with the following output:
Change Dir: C:/Development/op3d_active/curl-7.70.0/msvc/CMakeFiles/CMakeTmp

Run Build Command(s):C:/Program Files (x86)/Microsoft Visual Studio/2017/Enterprise/MSBuild/15.0/Bin/MSBuild.exe cmTC_03ed1.vcxproj /p:Configuration=Debug /p:Platform=Win32 /p:VisualStudioVersion=15.0 /v:m 
Microsoft (R) Build Engine version 15.9.21+g9802d43bc3 for .NET Framework
Copyright (C) Microsoft Corporation. All rights reserved.

  Microsoft (R) C/C++ Optimizing Compiler Version 19.16.27038 for x86
  Copyright (C) Microsoft Corporation.  All rights reserved.
  
  cl /c /I"C:\Development\op3d_active\curl-7.70.0\include" /I"C:\Program Files (x86)\Visual Leak Detector\include" /Zi /W3 /WX- /diagnostics:classic /Od /Ob0 /Oy- /D WIN32 /D _WINDOWS /D HAVE_MSG_NOSIGNAL /D _WINSOCKAPI_= /D "CMAKE_INTDIR=\"Debug\"" /D _MBCS /Gm- /RTC1 /MDd /GS /fp:precise /Zc:wchar_t /Zc:forScope /Zc:inline /Fo"cmTC_03ed1.dir\Debug\\" /Fd"cmTC_03ed1.dir\Debug\cmTC_03ed1.pdb" /Gd /TC /analyze- /errorReport:queue "C:\Development\op3d_active\curl-7.70.0\msvc\CMakeFiles\CMakeTmp\src.c"
  
  src.c
C:\Development\op3d_active\curl-7.70.0\msvc\CMakeFiles\CMakeTmp\src.c(9): error C2065: 'MSG_NOSIGNAL': undeclared identifier [C:\Development\op3d_active\curl-7.70.0\msvc\CMakeFiles\CMakeTmp\cmTC_03ed1.vcxproj]

Source file was:
#undef inline
#include <winsock2.h>
#include <windows.h>
#include <winsock.h>
#ifndef WIN32_LEAN_AND_MEAN
#define WIN32_LEAN_AND_MEAN
#endif
  int main(void) {
    int flag = MSG_NOSIGNAL;
    (void)flag;
    return 0;
  }
Performing C SOURCE FILE Test HAVE_POLL_FINE failed with the following compile output:
Change Dir: C:/Development/op3d_active/curl-7.70.0/msvc/CMakeFiles/CMakeTmp

Run Build Command(s):C:/Program Files (x86)/Microsoft Visual Studio/2017/Enterprise/MSBuild/15.0/Bin/MSBuild.exe cmTC_df7cf.vcxproj /p:Configuration=Debug /p:Platform=Win32 /p:VisualStudioVersion=15.0 /v:m 
Microsoft (R) Build Engine version 15.9.21+g9802d43bc3 for .NET Framework
Copyright (C) Microsoft Corporation. All rights reserved.

  Microsoft (R) C/C++ Optimizing Compiler Version 19.16.27038 for x86
  Copyright (C) Microsoft Corporation.  All rights reserved.
  
  cl /c /I"C:\Development\op3d_active\curl-7.70.0\include" /I"C:\Program Files (x86)\Visual Leak Detector\include" /Zi /W3 /WX- /diagnostics:classic /Od /Ob0 /Oy- /D WIN32 /D _WINDOWS /D HAVE_POLL_FINE /D _WINSOCKAPI_= /D "CMAKE_INTDIR=\"Debug\"" /D _MBCS /Gm- /RTC1 /MDd /GS /fp:precise /Zc:wchar_t /Zc:forScope /Zc:inline /Fo"cmTC_df7cf.dir\Debug\\" /Fd"cmTC_df7cf.dir\Debug\vc141.pdb" /Gd /TC /analyze- /errorReport:queue "C:\Development\op3d_active\curl-7.70.0\msvc\CMakeFiles\CMakeTmp\src.c"
  
  src.c
C:\Development\op3d_active\curl-7.70.0\msvc\CMakeFiles\CMakeTmp\src.c(3): fatal error C1083: Cannot open include file: 'sys/time.h': No such file or directory [C:\Development\op3d_active\curl-7.70.0\msvc\CMakeFiles\CMakeTmp\cmTC_df7cf.vcxproj]

...and run output:

Return value: 1
Source file was:

    #include <stdlib.h>
    #include <sys/time.h>

    #ifdef HAVE_SYS_POLL_H
    #  include <sys/poll.h>
    #elif  HAVE_POLL_H
    #  include <poll.h>
    #endif

    int main(void)
    {
        if(0 != poll(0, 0, 10)) {
          return 1; /* fail */
        }
        else {
          /* detect the 10.12 poll() breakage */
          struct timeval before, after;
          int rc;
          size_t us;

          gettimeofday(&before, NULL);
          rc = poll(NULL, 0, 500);
          gettimeofday(&after, NULL);

          us = (after.tv_sec - before.tv_sec) * 1000000 +
            (after.tv_usec - before.tv_usec);

          if(us < 400000) {
            return 1;
          }
        }
        return 0;
    }
Determining if the include file openssl/ssl.h exists failed with the following output:
Change Dir: C:/Development/op3d_active/curl-7.70.0/msvc/CMakeFiles/CMakeTmp

Run Build Command(s):C:/Program Files (x86)/Microsoft Visual Studio/2017/Enterprise/MSBuild/15.0/Bin/MSBuild.exe cmTC_aae60.vcxproj /p:Configuration=Debug /p:Platform=Win32 /p:VisualStudioVersion=15.0 /v:m 
Microsoft (R) Build Engine version 15.9.21+g9802d43bc3 for .NET Framework
Copyright (C) Microsoft Corporation. All rights reserved.

  Microsoft (R) C/C++ Optimizing Compiler Version 19.16.27038 for x86
  Copyright (C) Microsoft Corporation.  All rights reserved.
  
  cl /c /I"C:\Development\op3d_active\openssl-1.0.2h\include" /I"C:\Program Files (x86)\Visual Leak Detector\include" /Zi /W3 /WX- /diagnostics:classic /Od /Ob0 /Oy- /D WIN32 /D _WINDOWS /D _WINSOCKAPI_= /D "CMAKE_INTDIR=\"Debug\"" /D _MBCS /Gm- /RTC1 /MDd /GS /fp:precise /Zc:wchar_t /Zc:forScope /Zc:inline /Fo"cmTC_aae60.dir\Debug\\" /Fd"cmTC_aae60.dir\Debug\vc141.pdb" /Gd /TC /analyze- /errorReport:queue "C:\Development\op3d_active\curl-7.70.0\msvc\CMakeFiles\CMakeTmp\CheckIncludeFile.c"
  CheckIncludeFile.c
  
c:\development\op3d_active\openssl-1.0.2h\include\openssl\../../ssl/dtls1.h(227): error C2079: 'next_timeout' uses undefined struct 'timeval' [C:\Development\op3d_active\curl-7.70.0\msvc\CMakeFiles\CMakeTmp\cmTC_aae60.vcxproj]


